[27-Mar-2025 19:51:48 UTC] Config file loaded
[27-Mar-2025 19:51:48 UTC] SQLite connection successful
[27-Mar-2025 19:51:48 UTC] SQLite schema setup complete
[27-Mar-2025 19:51:48 UTC] [2025-03-27 19:51:48] Exception: Unclosed '{' on line 446 in /Users/ashwin/Downloads/public_html (5)/includes/functions.php on line 514
[27-Mar-2025 19:51:51 UTC] Config file loaded
[27-Mar-2025 19:51:51 UTC] SQLite connection successful
[27-Mar-2025 19:51:51 UTC] SQLite schema setup complete
[27-Mar-2025 19:51:51 UTC] [2025-03-27 19:51:51] Exception: Unclosed '{' on line 446 in /Users/ashwin/Downloads/public_html (5)/includes/functions.php on line 514
[27-Mar-2025 19:52:52 UTC] Config file loaded
[27-Mar-2025 19:52:52 UTC] SQLite connection successful
[27-Mar-2025 19:52:52 UTC] SQLite schema setup complete
[27-Mar-2025 19:52:52 UTC] [2025-03-27 19:52:52] Exception: Unclosed '{' on line 160 in /Users/ashwin/Downloads/public_html (5)/includes/functions.php on line 515
[27-Mar-2025 19:53:55 UTC] Config file loaded
[27-Mar-2025 19:53:55 UTC] SQLite connection successful
[27-Mar-2025 19:53:55 UTC] SQLite schema setup complete
[27-Mar-2025 19:53:55 UTC] [2025-03-27 19:53:55] Exception: Unclosed '{' on line 160 in /Users/ashwin/Downloads/public_html (5)/includes/functions.php on line 515
[27-Mar-2025 19:54:00 UTC] Config file loaded
[27-Mar-2025 19:54:00 UTC] SQLite connection successful
[27-Mar-2025 19:54:00 UTC] SQLite schema setup complete
[27-Mar-2025 19:54:00 UTC] [2025-03-27 19:54:00] Exception: Unclosed '{' on line 160 in /Users/ashwin/Downloads/public_html (5)/includes/functions.php on line 515
[27-Mar-2025 19:54:01 UTC] Config file loaded
[27-Mar-2025 19:54:01 UTC] SQLite connection successful
[27-Mar-2025 19:54:01 UTC] SQLite schema setup complete
[27-Mar-2025 19:54:01 UTC] [2025-03-27 19:54:01] Exception: Unclosed '{' on line 160 in /Users/ashwin/Downloads/public_html (5)/includes/functions.php on line 515
[27-Mar-2025 19:54:02 UTC] Config file loaded
[27-Mar-2025 19:54:02 UTC] SQLite connection successful
[27-Mar-2025 19:54:02 UTC] SQLite schema setup complete
[27-Mar-2025 19:54:02 UTC] [2025-03-27 19:54:02] Exception: Unclosed '{' on line 160 in /Users/ashwin/Downloads/public_html (5)/includes/functions.php on line 515
[27-Mar-2025 20:04:09 UTC] Config file loaded
[27-Mar-2025 20:04:09 UTC] SQLite connection successful
[27-Mar-2025 20:04:09 UTC] SQLite schema setup complete
[27-Mar-2025 20:04:09 UTC] Schema check error: SQLSTATE[HY000]: General error: 1 near "SHOW": syntax error
[27-Mar-2025 20:04:11 UTC] Config file loaded
[27-Mar-2025 20:04:11 UTC] SQLite connection successful
[27-Mar-2025 20:04:11 UTC] SQLite schema setup complete
[27-Mar-2025 20:04:11 UTC] Schema check error: SQLSTATE[HY000]: General error: 1 near "SHOW": syntax error
[27-Mar-2025 20:04:44 UTC] Config file loaded
[27-Mar-2025 20:04:44 UTC] SQLite connection successful
[27-Mar-2025 20:04:44 UTC] SQLite schema setup complete
[27-Mar-2025 20:04:44 UTC] Schema check error: SQLSTATE[HY000]: General error: 1 near "SHOW": syntax error
[27-Mar-2025 20:04:50 UTC] Config file loaded
[27-Mar-2025 20:04:50 UTC] SQLite connection successful
[27-Mar-2025 20:04:50 UTC] SQLite schema setup complete
[27-Mar-2025 20:04:50 UTC] Schema check error: SQLSTATE[HY000]: General error: 1 near "SHOW": syntax error
[27-Mar-2025 20:05:01 UTC] Config file loaded
[27-Mar-2025 20:05:01 UTC] SQLite connection successful
[27-Mar-2025 20:05:01 UTC] SQLite schema setup complete
[27-Mar-2025 20:05:01 UTC] Schema check error: SQLSTATE[HY000]: General error: 1 near "SHOW": syntax error
[27-Mar-2025 20:05:03 UTC] Config file loaded
[27-Mar-2025 20:05:03 UTC] SQLite connection successful
[27-Mar-2025 20:05:03 UTC] SQLite schema setup complete
[27-Mar-2025 20:05:03 UTC] Schema check error: SQLSTATE[HY000]: General error: 1 near "SHOW": syntax error
[27-Mar-2025 20:05:07 UTC] Config file loaded
[27-Mar-2025 20:05:07 UTC] SQLite connection successful
[27-Mar-2025 20:05:07 UTC] SQLite schema setup complete
[27-Mar-2025 20:05:07 UTC] Schema check error: SQLSTATE[HY000]: General error: 1 near "SHOW": syntax error
[27-Mar-2025 20:07:42 UTC] Config file loaded
[27-Mar-2025 20:07:42 UTC] SQLite connection successful
[27-Mar-2025 20:07:42 UTC] SQLite schema setup complete
[27-Mar-2025 20:07:42 UTC] Schema check error: SQLSTATE[HY000]: General error: 1 near "SHOW": syntax error
[27-Mar-2025 20:07:43 UTC] Config file loaded
[27-Mar-2025 20:07:43 UTC] SQLite connection successful
[27-Mar-2025 20:07:43 UTC] SQLite schema setup complete
[27-Mar-2025 20:07:43 UTC] Schema check error: SQLSTATE[HY000]: General error: 1 near "SHOW": syntax error
[27-Mar-2025 20:07:45 UTC] Config file loaded
[27-Mar-2025 20:07:45 UTC] SQLite connection successful
[27-Mar-2025 20:07:45 UTC] SQLite schema setup complete
[27-Mar-2025 20:07:45 UTC] Schema check error: SQLSTATE[HY000]: General error: 1 near "SHOW": syntax error
[27-Mar-2025 20:08:52 UTC] Config file loaded
[27-Mar-2025 20:08:52 UTC] SQLite connection successful
[27-Mar-2025 20:08:52 UTC] SQLite schema setup complete
[27-Mar-2025 20:08:52 UTC] Schema check error: SQLSTATE[HY000]: General error: 1 near "SHOW": syntax error
[27-Mar-2025 20:08:53 UTC] Config file loaded
[27-Mar-2025 20:08:53 UTC] SQLite connection successful
[27-Mar-2025 20:08:53 UTC] SQLite schema setup complete
[27-Mar-2025 20:08:53 UTC] Schema check error: SQLSTATE[HY000]: General error: 1 near "SHOW": syntax error
[27-Mar-2025 20:08:54 UTC] Config file loaded
[27-Mar-2025 20:08:54 UTC] SQLite connection successful
[27-Mar-2025 20:08:54 UTC] SQLite schema setup complete
[27-Mar-2025 20:08:54 UTC] Schema check error: SQLSTATE[HY000]: General error: 1 near "SHOW": syntax error
[27-Mar-2025 20:08:54 UTC] Config file loaded
[27-Mar-2025 20:08:54 UTC] SQLite connection successful
[27-Mar-2025 20:08:54 UTC] SQLite schema setup complete
[27-Mar-2025 20:08:54 UTC] Schema check error: SQLSTATE[HY000]: General error: 1 near "SHOW": syntax error
[27-Mar-2025 20:08:54 UTC] Config file loaded
[27-Mar-2025 20:08:54 UTC] SQLite connection successful
[27-Mar-2025 20:08:54 UTC] SQLite schema setup complete
[27-Mar-2025 20:08:54 UTC] Schema check error: SQLSTATE[HY000]: General error: 1 near "SHOW": syntax error
[27-Mar-2025 20:08:55 UTC] Config file loaded
[27-Mar-2025 20:08:55 UTC] SQLite connection successful
[27-Mar-2025 20:08:55 UTC] SQLite schema setup complete
[27-Mar-2025 20:08:55 UTC] Schema check error: SQLSTATE[HY000]: General error: 1 near "SHOW": syntax error
[27-Mar-2025 20:08:55 UTC] Config file loaded
[27-Mar-2025 20:08:55 UTC] SQLite connection successful
[27-Mar-2025 20:08:55 UTC] SQLite schema setup complete
[27-Mar-2025 20:08:55 UTC] Schema check error: SQLSTATE[HY000]: General error: 1 near "SHOW": syntax error
[27-Mar-2025 20:08:55 UTC] Config file loaded
[27-Mar-2025 20:08:55 UTC] SQLite connection successful
[27-Mar-2025 20:08:55 UTC] SQLite schema setup complete
[27-Mar-2025 20:08:55 UTC] Schema check error: SQLSTATE[HY000]: General error: 1 near "SHOW": syntax error
[27-Mar-2025 20:08:55 UTC] Config file loaded
[27-Mar-2025 20:08:55 UTC] SQLite connection successful
[27-Mar-2025 20:08:55 UTC] SQLite schema setup complete
[27-Mar-2025 20:08:55 UTC] Schema check error: SQLSTATE[HY000]: General error: 1 near "SHOW": syntax error
[27-Mar-2025 20:08:56 UTC] Config file loaded
[27-Mar-2025 20:08:56 UTC] SQLite connection successful
[27-Mar-2025 20:08:56 UTC] SQLite schema setup complete
[27-Mar-2025 20:08:56 UTC] Schema check error: SQLSTATE[HY000]: General error: 1 near "SHOW": syntax error
[27-Mar-2025 20:08:57 UTC] Config file loaded
[27-Mar-2025 20:08:57 UTC] SQLite connection successful
[27-Mar-2025 20:08:57 UTC] SQLite schema setup complete
[27-Mar-2025 20:08:57 UTC] Schema check error: SQLSTATE[HY000]: General error: 1 near "SHOW": syntax error
[27-Mar-2025 20:08:58 UTC] Config file loaded
[27-Mar-2025 20:08:58 UTC] SQLite connection successful
[27-Mar-2025 20:08:58 UTC] SQLite schema setup complete
[27-Mar-2025 20:08:58 UTC] Schema check error: SQLSTATE[HY000]: General error: 1 near "SHOW": syntax error
[27-Mar-2025 20:10:13 UTC] Config file loaded
[27-Mar-2025 20:10:13 UTC] SQLite connection successful
[27-Mar-2025 20:10:13 UTC] SQLite schema setup complete
[27-Mar-2025 20:10:13 UTC] Schema check error: SQLSTATE[HY000]: General error: 1 near "SHOW": syntax error
[27-Mar-2025 20:10:15 UTC] Config file loaded
[27-Mar-2025 20:10:15 UTC] SQLite connection successful
[27-Mar-2025 20:10:15 UTC] SQLite schema setup complete
[27-Mar-2025 20:10:15 UTC] Schema check error: SQLSTATE[HY000]: General error: 1 near "SHOW": syntax error
[27-Mar-2025 20:17:28 UTC] Config file loaded
[27-Mar-2025 20:17:28 UTC] SQLite connection successful
[27-Mar-2025 20:17:28 UTC] SQLite schema setup complete
[27-Mar-2025 20:17:28 UTC] Schema check error: SQLSTATE[HY000]: General error: 1 near "SHOW": syntax error
[27-Mar-2025 21:42:22 UTC] Config file loaded
[27-Mar-2025 21:42:22 UTC] Config file loaded
[27-Mar-2025 21:42:22 UTC] SQLite connection successful
[27-Mar-2025 21:42:22 UTC] SQLite connection successful
[27-Mar-2025 21:42:22 UTC] SQLite schema setup complete
[27-Mar-2025 21:42:22 UTC] SQLite schema setup complete
[27-Mar-2025 21:42:22 UTC] Schema check error: SQLSTATE[HY000]: General error: 1 near "SHOW": syntax error
[27-Mar-2025 21:42:22 UTC] Schema check error: SQLSTATE[HY000]: General error: 1 near "SHOW": syntax error
[27-Mar-2025 23:45:22 UTC] SQLite connection successful
[27-Mar-2025 23:45:22 UTC] SQLite schema setup complete
[27-Mar-2025 23:45:22 UTC] Schema check error: SQLSTATE[HY000]: General error: 1 near "SHOW": syntax error
[28-Mar-2025 00:49:43 UTC] Config file loaded
[28-Mar-2025 00:49:43 UTC] SQLite connection successful
[28-Mar-2025 00:49:43 UTC] SQLite schema setup complete
[28-Mar-2025 00:49:43 UTC] Schema check error: SQLSTATE[HY000]: General error: 1 near "SHOW": syntax error
[28-Mar-2025 01:51:38 UTC] Config file loaded
[28-Mar-2025 01:51:38 UTC] SQLite connection successful
[28-Mar-2025 01:51:38 UTC] SQLite schema setup complete
[28-Mar-2025 01:51:38 UTC] Schema check error: SQLSTATE[HY000]: General error: 1 near "SHOW": syntax error
[28-Mar-2025 02:00:03 UTC] Config file loaded
[28-Mar-2025 02:00:03 UTC] SQLite connection successful
[28-Mar-2025 02:00:03 UTC] SQLite schema setup complete
[28-Mar-2025 02:00:03 UTC] Schema check error: SQLSTATE[HY000]: General error: 1 near "SHOW": syntax error
[28-Mar-2025 02:00:04 UTC] SQLite connection successful
[28-Mar-2025 02:00:04 UTC] SQLite schema setup complete
[28-Mar-2025 02:45:31 UTC] Config file loaded
[28-Mar-2025 02:45:31 UTC] SQLite connection successful
[28-Mar-2025 02:45:31 UTC] SQLite schema setup complete
[28-Mar-2025 02:45:31 UTC] Schema check error: SQLSTATE[HY000]: General error: 1 near "SHOW": syntax error
[28-Mar-2025 02:45:38 UTC] Config file loaded
[28-Mar-2025 02:45:38 UTC] SQLite connection successful
[28-Mar-2025 02:45:38 UTC] SQLite schema setup complete
[28-Mar-2025 02:45:38 UTC] Schema check error: SQLSTATE[HY000]: General error: 1 near "SHOW": syntax error
[28-Mar-2025 02:45:42 UTC] Config file loaded
[28-Mar-2025 02:45:42 UTC] SQLite connection successful
[28-Mar-2025 02:45:42 UTC] SQLite schema setup complete
[28-Mar-2025 02:45:42 UTC] Schema check error: SQLSTATE[HY000]: General error: 1 near "SHOW": syntax error
[28-Mar-2025 02:46:03 UTC] Config file loaded
[28-Mar-2025 02:46:03 UTC] SQLite connection successful
[28-Mar-2025 02:46:03 UTC] SQLite schema setup complete
[28-Mar-2025 02:46:03 UTC] Schema check error: SQLSTATE[HY000]: General error: 1 near "SHOW": syntax error
[28-Mar-2025 02:46:20 UTC] Config file loaded
[28-Mar-2025 02:46:20 UTC] SQLite connection successful
[28-Mar-2025 02:46:20 UTC] SQLite schema setup complete
[28-Mar-2025 02:46:20 UTC] Schema check error: SQLSTATE[HY000]: General error: 1 near "SHOW": syntax error
[28-Mar-2025 02:46:48 UTC] Config file loaded
[28-Mar-2025 02:46:48 UTC] SQLite connection successful
[28-Mar-2025 02:46:48 UTC] SQLite schema setup complete
[28-Mar-2025 02:46:48 UTC] Schema check error: SQLSTATE[HY000]: General error: 1 near "SHOW": syntax error
[28-Mar-2025 02:47:45 UTC] Config file loaded
[28-Mar-2025 02:47:45 UTC] SQLite connection successful
[28-Mar-2025 02:47:45 UTC] SQLite schema setup complete
[28-Mar-2025 02:47:45 UTC] Schema check error: SQLSTATE[HY000]: General error: 1 near "SHOW": syntax error
[28-Mar-2025 02:50:02 UTC] Config file loaded
[28-Mar-2025 02:50:02 UTC] SQLite connection successful
[28-Mar-2025 02:50:02 UTC] SQLite schema setup complete
[28-Mar-2025 02:50:02 UTC] Schema check error: SQLSTATE[HY000]: General error: 1 near "SHOW": syntax error
[28-Mar-2025 02:50:08 UTC] Config file loaded
[28-Mar-2025 02:50:08 UTC] SQLite connection successful
[28-Mar-2025 02:50:08 UTC] SQLite schema setup complete
[28-Mar-2025 02:50:08 UTC] Schema check error: SQLSTATE[HY000]: General error: 1 near "SHOW": syntax error
[28-Mar-2025 02:52:11 UTC] Config file loaded
[28-Mar-2025 02:52:11 UTC] SQLite connection successful
[28-Mar-2025 02:52:11 UTC] SQLite schema setup complete
[28-Mar-2025 02:52:11 UTC] Schema check error: SQLSTATE[HY000]: General error: 1 near "SHOW": syntax error
[28-Mar-2025 02:52:18 UTC] Config file loaded
[28-Mar-2025 02:52:18 UTC] SQLite connection successful
[28-Mar-2025 02:52:18 UTC] SQLite schema setup complete
[28-Mar-2025 02:52:18 UTC] Schema check error: SQLSTATE[HY000]: General error: 1 near "SHOW": syntax error
[28-Mar-2025 02:52:19 UTC] Config file loaded
[28-Mar-2025 02:52:19 UTC] SQLite connection successful
[28-Mar-2025 02:52:19 UTC] SQLite schema setup complete
[28-Mar-2025 02:52:19 UTC] Schema check error: SQLSTATE[HY000]: General error: 1 near "SHOW": syntax error
[28-Mar-2025 02:52:20 UTC] Config file loaded
[28-Mar-2025 02:52:20 UTC] SQLite connection successful
[28-Mar-2025 02:52:20 UTC] SQLite schema setup complete
[28-Mar-2025 02:52:20 UTC] Schema check error: SQLSTATE[HY000]: General error: 1 near "SHOW": syntax error
[28-Mar-2025 02:52:21 UTC] Config file loaded
[28-Mar-2025 02:52:21 UTC] SQLite connection successful
[28-Mar-2025 02:52:21 UTC] SQLite schema setup complete
[28-Mar-2025 02:52:21 UTC] Schema check error: SQLSTATE[HY000]: General error: 1 near "SHOW": syntax error
[28-Mar-2025 02:52:21 UTC] Config file loaded
[28-Mar-2025 02:52:21 UTC] SQLite connection successful
[28-Mar-2025 02:52:21 UTC] SQLite schema setup complete
[28-Mar-2025 02:52:21 UTC] Schema check error: SQLSTATE[HY000]: General error: 1 near "SHOW": syntax error
[28-Mar-2025 03:06:32 UTC] Config file loaded
[28-Mar-2025 03:06:32 UTC] SQLite connection successful
[28-Mar-2025 03:06:32 UTC] SQLite schema setup complete
[28-Mar-2025 03:06:32 UTC] Schema check error: SQLSTATE[HY000]: General error: 1 near "SHOW": syntax error
[28-Mar-2025 03:06:32 UTC] Config file loaded
[28-Mar-2025 03:06:32 UTC] SQLite connection successful
[28-Mar-2025 03:06:32 UTC] SQLite schema setup complete
[28-Mar-2025 03:06:32 UTC] Schema check error: SQLSTATE[HY000]: General error: 1 near "SHOW": syntax error
[28-Mar-2025 03:06:38 UTC] Config file loaded
[28-Mar-2025 03:06:38 UTC] SQLite connection successful
[28-Mar-2025 03:06:38 UTC] SQLite schema setup complete
[28-Mar-2025 03:06:38 UTC] Schema check error: SQLSTATE[HY000]: General error: 1 near "SHOW": syntax error
[28-Mar-2025 03:06:42 UTC] Config file loaded
[28-Mar-2025 03:06:42 UTC] SQLite connection successful
[28-Mar-2025 03:06:42 UTC] SQLite schema setup complete
[28-Mar-2025 03:06:42 UTC] Schema check error: SQLSTATE[HY000]: General error: 1 near "SHOW": syntax error
[28-Mar-2025 03:06:44 UTC] Config file loaded
[28-Mar-2025 03:06:44 UTC] SQLite connection successful
[28-Mar-2025 03:06:44 UTC] SQLite schema setup complete
[28-Mar-2025 03:06:44 UTC] Schema check error: SQLSTATE[HY000]: General error: 1 near "SHOW": syntax error
[28-Mar-2025 03:06:45 UTC] Config file loaded
[28-Mar-2025 03:06:45 UTC] SQLite connection successful
[28-Mar-2025 03:06:45 UTC] SQLite schema setup complete
[28-Mar-2025 03:06:45 UTC] Schema check error: SQLSTATE[HY000]: General error: 1 near "SHOW": syntax error
[28-Mar-2025 03:06:46 UTC] Config file loaded
[28-Mar-2025 03:06:46 UTC] SQLite connection successful
[28-Mar-2025 03:06:46 UTC] SQLite schema setup complete
[28-Mar-2025 03:06:46 UTC] Schema check error: SQLSTATE[HY000]: General error: 1 near "SHOW": syntax error
[28-Mar-2025 03:06:47 UTC] Config file loaded
[28-Mar-2025 03:06:47 UTC] SQLite connection successful
[28-Mar-2025 03:06:47 UTC] SQLite schema setup complete
[28-Mar-2025 03:06:47 UTC] Schema check error: SQLSTATE[HY000]: General error: 1 near "SHOW": syntax error
[28-Mar-2025 03:06:50 UTC] Config file loaded
[28-Mar-2025 03:06:50 UTC] SQLite connection successful
[28-Mar-2025 03:06:50 UTC] SQLite schema setup complete
[28-Mar-2025 03:06:50 UTC] Schema check error: SQLSTATE[HY000]: General error: 1 near "SHOW": syntax error
[28-Mar-2025 03:07:15 UTC] Config file loaded
[28-Mar-2025 03:07:15 UTC] SQLite connection successful
[28-Mar-2025 03:07:15 UTC] SQLite schema setup complete
[28-Mar-2025 03:07:15 UTC] Schema check error: SQLSTATE[HY000]: General error: 1 near "SHOW": syntax error
[28-Mar-2025 03:34:36 UTC] Config file loaded
[28-Mar-2025 03:34:36 UTC] SQLite connection successful
[28-Mar-2025 03:34:36 UTC] SQLite schema setup complete
[28-Mar-2025 03:34:36 UTC] Schema check error: SQLSTATE[HY000]: General error: 1 near "SHOW": syntax error
[28-Mar-2025 04:56:08 UTC] Config file loaded
[28-Mar-2025 04:56:08 UTC] SQLite connection successful
[28-Mar-2025 04:56:08 UTC] SQLite schema setup complete
[28-Mar-2025 04:56:08 UTC] Schema check error: SQLSTATE[HY000]: General error: 1 near "SHOW": syntax error
[28-Mar-2025 05:21:28 UTC] Config file loaded
[28-Mar-2025 05:21:28 UTC] SQLite connection successful
[28-Mar-2025 05:21:28 UTC] SQLite schema setup complete
[28-Mar-2025 05:21:28 UTC] Schema check error: SQLSTATE[HY000]: General error: 1 near "SHOW": syntax error
[28-Mar-2025 05:21:33 UTC] Config file loaded
[28-Mar-2025 05:21:33 UTC] SQLite connection successful
[28-Mar-2025 05:21:33 UTC] SQLite schema setup complete
[28-Mar-2025 05:21:33 UTC] Schema check error: SQLSTATE[HY000]: General error: 1 near "SHOW": syntax error
[28-Mar-2025 05:21:37 UTC] Config file loaded
[28-Mar-2025 05:21:37 UTC] SQLite connection successful
[28-Mar-2025 05:21:37 UTC] SQLite schema setup complete
[28-Mar-2025 05:21:37 UTC] Schema check error: SQLSTATE[HY000]: General error: 1 near "SHOW": syntax error
[28-Mar-2025 05:22:05 UTC] Config file loaded
[28-Mar-2025 05:22:05 UTC] SQLite connection successful
[28-Mar-2025 05:22:05 UTC] SQLite schema setup complete
[28-Mar-2025 05:22:05 UTC] Schema check error: SQLSTATE[HY000]: General error: 1 near "SHOW": syntax error
[28-Mar-2025 06:40:13 UTC] Config file loaded
[28-Mar-2025 06:40:13 UTC] SQLite connection successful
[28-Mar-2025 06:40:13 UTC] SQLite schema setup complete
[28-Mar-2025 06:40:13 UTC] Schema check error: SQLSTATE[HY000]: General error: 1 near "SHOW": syntax error
[28-Mar-2025 07:07:08 UTC] Config file loaded
[28-Mar-2025 07:07:08 UTC] SQLite connection successful
[28-Mar-2025 07:07:08 UTC] SQLite schema setup complete
[28-Mar-2025 07:07:08 UTC] Schema check error: SQLSTATE[HY000]: General error: 1 near "SHOW": syntax error
[28-Mar-2025 07:07:16 UTC] Config file loaded
[28-Mar-2025 07:07:16 UTC] SQLite connection successful
[28-Mar-2025 07:07:16 UTC] SQLite schema setup complete
[28-Mar-2025 07:07:16 UTC] Schema check error: SQLSTATE[HY000]: General error: 1 near "SHOW": syntax error
[28-Mar-2025 07:08:46 UTC] Config file loaded
[28-Mar-2025 07:08:46 UTC] SQLite connection successful
[28-Mar-2025 07:08:46 UTC] SQLite schema setup complete
[28-Mar-2025 07:08:46 UTC] Schema check error: SQLSTATE[HY000]: General error: 1 near "SHOW": syntax error
[28-Mar-2025 08:05:29 UTC] Config file loaded
[28-Mar-2025 08:05:29 UTC] SQLite connection successful
[28-Mar-2025 08:05:29 UTC] SQLite schema setup complete
[28-Mar-2025 08:05:29 UTC] Schema check error: SQLSTATE[HY000]: General error: 1 near "SHOW": syntax error
[28-Mar-2025 08:05:37 UTC] Config file loaded
[28-Mar-2025 08:05:37 UTC] SQLite connection successful
[28-Mar-2025 08:05:37 UTC] SQLite schema setup complete
[28-Mar-2025 08:05:37 UTC] Schema check error: SQLSTATE[HY000]: General error: 1 near "SHOW": syntax error
[28-Mar-2025 08:17:34 UTC] Config file loaded
[28-Mar-2025 08:17:34 UTC] SQLite connection successful
[28-Mar-2025 08:17:34 UTC] SQLite schema setup complete
[28-Mar-2025 08:17:34 UTC] Schema check error: SQLSTATE[HY000]: General error: 1 near "SHOW": syntax error
[28-Mar-2025 08:26:41 UTC] Config file loaded
[28-Mar-2025 08:26:41 UTC] SQLite connection successful
[28-Mar-2025 08:26:41 UTC] SQLite schema setup complete
[28-Mar-2025 08:26:41 UTC] Schema check error: SQLSTATE[HY000]: General error: 1 near "SHOW": syntax error
[28-Mar-2025 08:33:55 UTC] Config file loaded
[28-Mar-2025 08:33:55 UTC] SQLite connection successful
[28-Mar-2025 08:33:55 UTC] SQLite schema setup complete
[28-Mar-2025 08:33:55 UTC] Schema check error: SQLSTATE[HY000]: General error: 1 near "SHOW": syntax error
[28-Mar-2025 09:12:04 UTC] Config file loaded
[28-Mar-2025 09:12:04 UTC] SQLite connection successful
[28-Mar-2025 09:12:04 UTC] schema_sqlite.php file not found
[28-Mar-2025 09:12:08 UTC] Config file loaded
[28-Mar-2025 09:12:08 UTC] SQLite connection successful
[28-Mar-2025 09:12:08 UTC] schema_sqlite.php file not found
[28-Mar-2025 09:12:10 UTC] Config file loaded
[28-Mar-2025 09:12:10 UTC] SQLite connection successful
[28-Mar-2025 09:12:10 UTC] schema_sqlite.php file not found
[28-Mar-2025 09:12:11 UTC] Config file loaded
[28-Mar-2025 09:12:11 UTC] SQLite connection successful
[28-Mar-2025 09:12:11 UTC] schema_sqlite.php file not found
[28-Mar-2025 09:12:18 UTC] Config file loaded
[28-Mar-2025 09:12:18 UTC] SQLite connection successful
[28-Mar-2025 09:12:18 UTC] schema_sqlite.php file not found
[28-Mar-2025 12:01:14 UTC] Config file loaded
[28-Mar-2025 12:01:14 UTC] SQLite connection successful
[28-Mar-2025 12:01:14 UTC] schema_sqlite.php file not found
[28-Mar-2025 12:01:19 UTC] Config file loaded
[28-Mar-2025 12:01:19 UTC] SQLite connection successful
[28-Mar-2025 12:01:19 UTC] schema_sqlite.php file not found
[28-Mar-2025 12:01:21 UTC] Config file loaded
[28-Mar-2025 12:01:21 UTC] SQLite connection successful
[28-Mar-2025 12:01:21 UTC] schema_sqlite.php file not found
[28-Mar-2025 12:01:24 UTC] Config file loaded
[28-Mar-2025 12:01:24 UTC] SQLite connection successful
[28-Mar-2025 12:01:24 UTC] schema_sqlite.php file not found
[28-Mar-2025 12:05:11 UTC] Config file loaded
[28-Mar-2025 12:05:11 UTC] SQLite connection successful
[28-Mar-2025 12:05:11 UTC] schema_sqlite.php file not found
[28-Mar-2025 12:44:01 UTC] Config file loaded
[28-Mar-2025 12:44:01 UTC] SQLite connection successful
[28-Mar-2025 12:44:01 UTC] schema_sqlite.php file not found
[28-Mar-2025 12:44:02 UTC] Config file loaded
[28-Mar-2025 12:44:02 UTC] SQLite connection successful
[28-Mar-2025 12:44:02 UTC] schema_sqlite.php file not found
[28-Mar-2025 12:44:03 UTC] Config file loaded
[28-Mar-2025 12:44:03 UTC] SQLite connection successful
[28-Mar-2025 12:44:03 UTC] schema_sqlite.php file not found
[28-Mar-2025 12:51:29 UTC] Config file loaded
[28-Mar-2025 12:51:29 UTC] SQLite connection successful
[28-Mar-2025 12:51:29 UTC] schema_sqlite.php file not found
[28-Mar-2025 12:51:58 UTC] Config file loaded
[28-Mar-2025 12:51:58 UTC] SQLite connection successful
[28-Mar-2025 12:51:58 UTC] schema_sqlite.php file not found
[28-Mar-2025 12:52:17 UTC] Config file loaded
[28-Mar-2025 12:52:17 UTC] SQLite connection successful
[28-Mar-2025 12:52:17 UTC] schema_sqlite.php file not found
[28-Mar-2025 12:56:20 UTC] Config file loaded
[28-Mar-2025 12:56:20 UTC] SQLite connection successful
[28-Mar-2025 12:56:20 UTC] schema_sqlite.php file not found
[28-Mar-2025 12:56:23 UTC] Config file loaded
[28-Mar-2025 12:56:23 UTC] SQLite connection successful
[28-Mar-2025 12:56:23 UTC] schema_sqlite.php file not found
[28-Mar-2025 12:56:27 UTC] Config file loaded
[28-Mar-2025 12:56:27 UTC] SQLite connection successful
[28-Mar-2025 12:56:27 UTC] schema_sqlite.php file not found
[28-Mar-2025 12:56:29 UTC] Config file loaded
[28-Mar-2025 12:56:29 UTC] SQLite connection successful
[28-Mar-2025 12:56:29 UTC] schema_sqlite.php file not found
[28-Mar-2025 13:00:12 UTC] Config file loaded
[28-Mar-2025 13:00:12 UTC] SQLite connection successful
[28-Mar-2025 13:00:12 UTC] schema_sqlite.php file not found
[28-Mar-2025 13:00:13 UTC] Config file loaded
[28-Mar-2025 13:00:13 UTC] SQLite connection successful
[28-Mar-2025 13:00:13 UTC] schema_sqlite.php file not found
[28-Mar-2025 13:01:44 UTC] Config file loaded
[28-Mar-2025 13:01:44 UTC] SQLite connection successful
[28-Mar-2025 13:01:44 UTC] schema_sqlite.php file not found
[28-Mar-2025 13:02:23 UTC] Config file loaded
[28-Mar-2025 13:02:23 UTC] SQLite connection successful
[28-Mar-2025 13:02:23 UTC] schema_sqlite.php file not found
[28-Mar-2025 13:03:11 UTC] Config file loaded
[28-Mar-2025 13:03:11 UTC] SQLite connection successful
[28-Mar-2025 13:03:11 UTC] schema_sqlite.php file not found
[28-Mar-2025 13:04:16 UTC] Config file loaded
[28-Mar-2025 13:04:16 UTC] SQLite connection successful
[28-Mar-2025 13:04:16 UTC] schema_sqlite.php file not found
[28-Mar-2025 13:04:34 UTC] Config file loaded
[28-Mar-2025 13:04:34 UTC] SQLite connection successful
[28-Mar-2025 13:04:34 UTC] schema_sqlite.php file not found
[28-Mar-2025 13:05:11 UTC] Config file loaded
[28-Mar-2025 13:05:11 UTC] SQLite connection successful
[28-Mar-2025 13:05:11 UTC] schema_sqlite.php file not found
[28-Mar-2025 13:05:37 UTC] Config file loaded
[28-Mar-2025 13:05:37 UTC] SQLite connection successful
[28-Mar-2025 13:05:37 UTC] schema_sqlite.php file not found
[28-Mar-2025 13:05:39 UTC] Config file loaded
[28-Mar-2025 13:05:39 UTC] SQLite connection successful
[28-Mar-2025 13:05:39 UTC] schema_sqlite.php file not found
[28-Mar-2025 13:05:40 UTC] Config file loaded
[28-Mar-2025 13:05:40 UTC] SQLite connection successful
[28-Mar-2025 13:05:40 UTC] schema_sqlite.php file not found
[28-Mar-2025 13:05:41 UTC] Config file loaded
[28-Mar-2025 13:05:41 UTC] SQLite connection successful
[28-Mar-2025 13:05:41 UTC] schema_sqlite.php file not found
[28-Mar-2025 13:05:42 UTC] Config file loaded
[28-Mar-2025 13:05:42 UTC] SQLite connection successful
[28-Mar-2025 13:05:42 UTC] schema_sqlite.php file not found
[28-Mar-2025 13:05:43 UTC] Config file loaded
[28-Mar-2025 13:05:43 UTC] SQLite connection successful
[28-Mar-2025 13:05:43 UTC] schema_sqlite.php file not found
[28-Mar-2025 13:05:45 UTC] Config file loaded
[28-Mar-2025 13:05:45 UTC] SQLite connection successful
[28-Mar-2025 13:05:45 UTC] schema_sqlite.php file not found
[28-Mar-2025 13:05:45 UTC] Config file loaded
[28-Mar-2025 13:05:45 UTC] SQLite connection successful
[28-Mar-2025 13:05:45 UTC] schema_sqlite.php file not found
[28-Mar-2025 13:05:52 UTC] Config file loaded
[28-Mar-2025 13:05:52 UTC] SQLite connection successful
[28-Mar-2025 13:05:52 UTC] schema_sqlite.php file not found
[28-Mar-2025 13:05:52 UTC] [2025-03-28 13:05:52] Exception: SQLSTATE[HY000]: General error: 1 no such table: courses in /Users/ashwin/CascadeProjects/Working file/Prithivi Project/Working file/courses.php on line 17
[28-Mar-2025 13:05:57 UTC] Config file loaded
[28-Mar-2025 13:05:57 UTC] SQLite connection successful
[28-Mar-2025 13:05:57 UTC] schema_sqlite.php file not found
[28-Mar-2025 13:06:17 UTC] Config file loaded
[28-Mar-2025 13:06:17 UTC] SQLite connection successful
[28-Mar-2025 13:06:17 UTC] schema_sqlite.php file not found
[28-Mar-2025 13:06:34 UTC] Config file loaded
[28-Mar-2025 13:06:34 UTC] SQLite connection successful
[28-Mar-2025 13:06:34 UTC] schema_sqlite.php file not found
[28-Mar-2025 13:06:36 UTC] Config file loaded
[28-Mar-2025 13:06:36 UTC] SQLite connection successful
[28-Mar-2025 13:06:36 UTC] schema_sqlite.php file not found
[28-Mar-2025 13:37:11 UTC] Config file loaded
[28-Mar-2025 13:37:11 UTC] SQLite connection successful
[28-Mar-2025 13:37:11 UTC] schema_sqlite.php file not found
[28-Mar-2025 13:37:12 UTC] Config file loaded
[28-Mar-2025 13:37:12 UTC] SQLite connection successful
[28-Mar-2025 13:37:12 UTC] schema_sqlite.php file not found
[28-Mar-2025 13:37:15 UTC] Config file loaded
[28-Mar-2025 13:37:15 UTC] SQLite connection successful
[28-Mar-2025 13:37:15 UTC] schema_sqlite.php file not found
[28-Mar-2025 13:38:16 UTC] Config file loaded
[28-Mar-2025 13:38:16 UTC] SQLite connection successful
[28-Mar-2025 13:38:16 UTC] schema_sqlite.php file not found
[28-Mar-2025 13:38:17 UTC] Config file loaded
[28-Mar-2025 13:38:17 UTC] SQLite connection successful
[28-Mar-2025 13:38:17 UTC] schema_sqlite.php file not found
[28-Mar-2025 13:38:18 UTC] Config file loaded
[28-Mar-2025 13:38:18 UTC] SQLite connection successful
[28-Mar-2025 13:38:18 UTC] schema_sqlite.php file not found
[28-Mar-2025 13:38:18 UTC] Config file loaded
[28-Mar-2025 13:38:18 UTC] SQLite connection successful
[28-Mar-2025 13:38:18 UTC] schema_sqlite.php file not found
[28-Mar-2025 13:38:18 UTC] Config file loaded
[28-Mar-2025 13:38:18 UTC] SQLite connection successful
[28-Mar-2025 13:38:18 UTC] schema_sqlite.php file not found
[28-Mar-2025 13:38:18 UTC] Config file loaded
[28-Mar-2025 13:38:18 UTC] SQLite connection successful
[28-Mar-2025 13:38:18 UTC] schema_sqlite.php file not found
[28-Mar-2025 13:38:20 UTC] Config file loaded
[28-Mar-2025 13:38:20 UTC] SQLite connection successful
[28-Mar-2025 13:38:20 UTC] schema_sqlite.php file not found
[28-Mar-2025 13:41:29 UTC] Config file loaded
[28-Mar-2025 13:41:29 UTC] SQLite connection successful
[28-Mar-2025 13:41:29 UTC] schema_sqlite.php file not found
[28-Mar-2025 13:41:31 UTC] Config file loaded
[28-Mar-2025 13:41:31 UTC] SQLite connection successful
[28-Mar-2025 13:41:31 UTC] schema_sqlite.php file not found
[28-Mar-2025 13:41:37 UTC] Config file loaded
[28-Mar-2025 13:41:37 UTC] SQLite connection successful
[28-Mar-2025 13:41:37 UTC] schema_sqlite.php file not found
[28-Mar-2025 13:41:52 UTC] Config file loaded
[28-Mar-2025 13:41:52 UTC] SQLite connection successful
[28-Mar-2025 13:41:52 UTC] schema_sqlite.php file not found
[28-Mar-2025 13:42:16 UTC] Config file loaded
[28-Mar-2025 13:42:16 UTC] SQLite connection successful
[28-Mar-2025 13:42:16 UTC] schema_sqlite.php file not found
[28-Mar-2025 13:42:38 UTC] Config file loaded
[28-Mar-2025 13:42:38 UTC] SQLite connection successful
[28-Mar-2025 13:42:38 UTC] schema_sqlite.php file not found
[28-Mar-2025 13:42:40 UTC] Config file loaded
[28-Mar-2025 13:42:40 UTC] SQLite connection successful
[28-Mar-2025 13:42:40 UTC] schema_sqlite.php file not found
[28-Mar-2025 13:43:43 UTC] Config file loaded
[28-Mar-2025 13:43:43 UTC] SQLite connection successful
[28-Mar-2025 13:43:43 UTC] schema_sqlite.php file not found
[28-Mar-2025 13:44:37 UTC] Config file loaded
[28-Mar-2025 13:44:37 UTC] SQLite connection successful
[28-Mar-2025 13:44:37 UTC] schema_sqlite.php file not found
[28-Mar-2025 13:46:14 UTC] Config file loaded
[28-Mar-2025 13:46:14 UTC] SQLite connection successful
[28-Mar-2025 13:46:14 UTC] schema_sqlite.php file not found
[28-Mar-2025 13:46:17 UTC] Config file loaded
[28-Mar-2025 13:46:17 UTC] SQLite connection successful
[28-Mar-2025 13:46:17 UTC] schema_sqlite.php file not found
[28-Mar-2025 13:47:55 UTC] Config file loaded
[28-Mar-2025 13:47:55 UTC] SQLite connection successful
[28-Mar-2025 13:47:55 UTC] schema_sqlite.php file not found
[28-Mar-2025 13:47:58 UTC] Config file loaded
[28-Mar-2025 13:47:58 UTC] SQLite connection successful
[28-Mar-2025 13:47:58 UTC] schema_sqlite.php file not found
[28-Mar-2025 13:49:21 UTC] Config file loaded
[28-Mar-2025 13:49:21 UTC] SQLite connection successful
[28-Mar-2025 13:49:21 UTC] schema_sqlite.php file not found
[28-Mar-2025 13:49:22 UTC] Config file loaded
[28-Mar-2025 13:49:22 UTC] SQLite connection successful
[28-Mar-2025 13:49:22 UTC] schema_sqlite.php file not found
[28-Mar-2025 13:49:31 UTC] Config file loaded
[28-Mar-2025 13:49:31 UTC] SQLite connection successful
[28-Mar-2025 13:49:31 UTC] schema_sqlite.php file not found
[28-Mar-2025 13:49:32 UTC] Config file loaded
[28-Mar-2025 13:49:32 UTC] SQLite connection successful
[28-Mar-2025 13:49:32 UTC] schema_sqlite.php file not found
[28-Mar-2025 13:49:45 UTC] Config file loaded
[28-Mar-2025 13:49:45 UTC] SQLite connection successful
[28-Mar-2025 13:49:45 UTC] schema_sqlite.php file not found
[28-Mar-2025 13:49:49 UTC] Config file loaded
[28-Mar-2025 13:49:49 UTC] SQLite connection successful
[28-Mar-2025 13:49:49 UTC] schema_sqlite.php file not found
[28-Mar-2025 13:52:01 UTC] Config file loaded
[28-Mar-2025 13:52:01 UTC] SQLite connection successful
[28-Mar-2025 13:52:01 UTC] schema_sqlite.php file not found
[28-Mar-2025 13:53:40 UTC] Config file loaded
[28-Mar-2025 13:53:40 UTC] SQLite connection successful
[28-Mar-2025 13:53:40 UTC] schema_sqlite.php file not found
[28-Mar-2025 13:53:41 UTC] Config file loaded
[28-Mar-2025 13:53:41 UTC] SQLite connection successful
[28-Mar-2025 13:53:41 UTC] schema_sqlite.php file not found
[28-Mar-2025 13:55:38 UTC] Config file loaded
[28-Mar-2025 13:55:38 UTC] SQLite connection successful
[28-Mar-2025 13:55:38 UTC] schema_sqlite.php file not found
[28-Mar-2025 13:56:15 UTC] Config file loaded
[28-Mar-2025 13:56:15 UTC] SQLite connection successful
[28-Mar-2025 13:56:15 UTC] schema_sqlite.php file not found
[28-Mar-2025 13:56:48 UTC] Config file loaded
[28-Mar-2025 13:56:48 UTC] SQLite connection successful
[28-Mar-2025 13:56:48 UTC] schema_sqlite.php file not found
[28-Mar-2025 13:57:28 UTC] Config file loaded
[28-Mar-2025 13:57:28 UTC] SQLite connection successful
[28-Mar-2025 13:57:28 UTC] schema_sqlite.php file not found
[28-Mar-2025 15:10:00 UTC] Config file loaded
[28-Mar-2025 15:10:00 UTC] SQLite connection successful
[28-Mar-2025 15:10:00 UTC] schema_sqlite.php file not found
[28-Mar-2025 15:10:31 UTC] Config file loaded
[28-Mar-2025 15:10:31 UTC] SQLite connection successful
[28-Mar-2025 15:10:31 UTC] schema_sqlite.php file not found
[28-Mar-2025 15:17:17 UTC] Config file loaded
[28-Mar-2025 15:17:17 UTC] SQLite connection successful
[28-Mar-2025 15:17:17 UTC] schema_sqlite.php file not found
[28-Mar-2025 15:17:24 UTC] Config file loaded
[28-Mar-2025 15:17:24 UTC] SQLite connection successful
[28-Mar-2025 15:17:24 UTC] schema_sqlite.php file not found
[28-Mar-2025 15:17:44 UTC] Config file loaded
[28-Mar-2025 15:17:44 UTC] SQLite connection successful
[28-Mar-2025 15:17:44 UTC] schema_sqlite.php file not found
[28-Mar-2025 15:17:47 UTC] Config file loaded
[28-Mar-2025 15:17:47 UTC] SQLite connection successful
[28-Mar-2025 15:17:47 UTC] schema_sqlite.php file not found
[28-Mar-2025 15:17:48 UTC] Config file loaded
[28-Mar-2025 15:17:48 UTC] SQLite connection successful
[28-Mar-2025 15:17:48 UTC] schema_sqlite.php file not found
[28-Mar-2025 15:18:00 UTC] Config file loaded
[28-Mar-2025 15:18:00 UTC] SQLite connection successful
[28-Mar-2025 15:18:00 UTC] schema_sqlite.php file not found
[28-Mar-2025 15:18:49 UTC] Config file loaded
[28-Mar-2025 15:18:49 UTC] SQLite connection successful
[28-Mar-2025 15:18:49 UTC] schema_sqlite.php file not found
[28-Mar-2025 15:18:58 UTC] Config file loaded
[28-Mar-2025 15:18:58 UTC] SQLite connection successful
[28-Mar-2025 15:18:58 UTC] schema_sqlite.php file not found
[28-Mar-2025 15:19:31 UTC] Config file loaded
[28-Mar-2025 15:19:31 UTC] SQLite connection successful
[28-Mar-2025 15:19:31 UTC] schema_sqlite.php file not found
[28-Mar-2025 15:19:44 UTC] Config file loaded
[28-Mar-2025 15:19:44 UTC] SQLite connection successful
[28-Mar-2025 15:19:44 UTC] schema_sqlite.php file not found
[28-Mar-2025 15:19:44 UTC] Config file loaded
[28-Mar-2025 15:19:44 UTC] SQLite connection successful
[28-Mar-2025 15:19:44 UTC] schema_sqlite.php file not found
[28-Mar-2025 15:20:58 UTC] Config file loaded
[28-Mar-2025 15:20:58 UTC] SQLite connection successful
[28-Mar-2025 15:20:58 UTC] schema_sqlite.php file not found
[28-Mar-2025 15:21:25 UTC] Config file loaded
[28-Mar-2025 15:21:25 UTC] SQLite connection successful
[28-Mar-2025 15:21:25 UTC] schema_sqlite.php file not found
[28-Mar-2025 15:22:17 UTC] Config file loaded
[28-Mar-2025 15:22:17 UTC] SQLite connection successful
[28-Mar-2025 15:22:17 UTC] schema_sqlite.php file not found
[28-Mar-2025 15:27:57 UTC] Config file loaded
[28-Mar-2025 15:27:57 UTC] SQLite connection successful
[28-Mar-2025 15:27:57 UTC] schema_sqlite.php file not found
[28-Mar-2025 15:27:58 UTC] Config file loaded
[28-Mar-2025 15:27:58 UTC] SQLite connection successful
[28-Mar-2025 15:27:58 UTC] schema_sqlite.php file not found
[28-Mar-2025 15:27:58 UTC] Config file loaded
[28-Mar-2025 15:27:58 UTC] SQLite connection successful
[28-Mar-2025 15:27:58 UTC] schema_sqlite.php file not found
[28-Mar-2025 15:27:59 UTC] Config file loaded
[28-Mar-2025 15:27:59 UTC] SQLite connection successful
[28-Mar-2025 15:27:59 UTC] schema_sqlite.php file not found
[28-Mar-2025 15:28:03 UTC] SQLite connection successful
[28-Mar-2025 15:28:03 UTC] schema_sqlite.php file not found
[28-Mar-2025 15:28:03 UTC] Error fetching testimonials: SQLSTATE[HY000]: General error: 1 no such table: testimonials
[28-Mar-2025 15:28:03 UTC] Error fetching marksheets: SQLSTATE[HY000]: General error: 1 no such table: marksheets
[28-Mar-2025 15:28:03 UTC] Error fetching videos: SQLSTATE[HY000]: General error: 1 no such table: videos
[28-Mar-2025 15:28:03 UTC] Config file loaded
[28-Mar-2025 15:28:03 UTC] SQLite connection successful
[28-Mar-2025 15:28:03 UTC] schema_sqlite.php file not found
[28-Mar-2025 15:28:05 UTC] Config file loaded
[28-Mar-2025 15:28:05 UTC] SQLite connection successful
[28-Mar-2025 15:28:05 UTC] schema_sqlite.php file not found
[28-Mar-2025 15:28:07 UTC] SQLite connection successful
[28-Mar-2025 15:28:07 UTC] schema_sqlite.php file not found
[28-Mar-2025 15:28:07 UTC] Error fetching testimonials: SQLSTATE[HY000]: General error: 1 no such table: testimonials
[28-Mar-2025 15:28:07 UTC] Error fetching marksheets: SQLSTATE[HY000]: General error: 1 no such table: marksheets
[28-Mar-2025 15:28:07 UTC] Error fetching videos: SQLSTATE[HY000]: General error: 1 no such table: videos
[28-Mar-2025 15:28:07 UTC] Config file loaded
[28-Mar-2025 15:28:07 UTC] SQLite connection successful
[28-Mar-2025 15:28:07 UTC] schema_sqlite.php file not found
[28-Mar-2025 15:28:08 UTC] Config file loaded
[28-Mar-2025 15:28:08 UTC] SQLite connection successful
[28-Mar-2025 15:28:08 UTC] schema_sqlite.php file not found
[28-Mar-2025 15:28:13 UTC] Config file loaded
[28-Mar-2025 15:28:13 UTC] SQLite connection successful
[28-Mar-2025 15:28:13 UTC] schema_sqlite.php file not found
[28-Mar-2025 15:28:14 UTC] Config file loaded
[28-Mar-2025 15:28:14 UTC] SQLite connection successful
[28-Mar-2025 15:28:14 UTC] schema_sqlite.php file not found
[28-Mar-2025 15:29:45 UTC] Config file loaded
[28-Mar-2025 15:29:45 UTC] SQLite connection successful
[28-Mar-2025 15:29:45 UTC] schema_sqlite.php file not found
[28-Mar-2025 15:29:47 UTC] Config file loaded
[28-Mar-2025 15:29:47 UTC] SQLite connection successful
[28-Mar-2025 15:29:47 UTC] schema_sqlite.php file not found
[28-Mar-2025 15:30:00 UTC] Config file loaded
[28-Mar-2025 15:30:00 UTC] SQLite connection successful
[28-Mar-2025 15:30:00 UTC] schema_sqlite.php file not found
[28-Mar-2025 19:32:10 UTC] Config file loaded
[28-Mar-2025 19:32:10 UTC] MySQL connection error: SQLSTATE[HY000] [2002] No such file or directory
[28-Mar-2025 19:32:10 UTC] Fallback to SQLite connection successful
[28-Mar-2025 19:32:10 UTC] schema_sqlite.php file not found
[28-Mar-2025 19:32:13 UTC] Config file loaded
[28-Mar-2025 19:32:13 UTC] MySQL connection error: SQLSTATE[HY000] [2002] No such file or directory
[28-Mar-2025 19:32:13 UTC] Fallback to SQLite connection successful
[28-Mar-2025 19:32:13 UTC] schema_sqlite.php file not found
[28-Mar-2025 19:32:14 UTC] Config file loaded
[28-Mar-2025 19:32:14 UTC] MySQL connection error: SQLSTATE[HY000] [2002] No such file or directory
[28-Mar-2025 19:32:14 UTC] Fallback to SQLite connection successful
[28-Mar-2025 19:32:14 UTC] schema_sqlite.php file not found
[28-Mar-2025 19:32:15 UTC] Config file loaded
[28-Mar-2025 19:32:15 UTC] MySQL connection error: SQLSTATE[HY000] [2002] No such file or directory
[28-Mar-2025 19:32:15 UTC] Fallback to SQLite connection successful
[28-Mar-2025 19:32:15 UTC] schema_sqlite.php file not found
[28-Mar-2025 19:32:17 UTC] Config file loaded
[28-Mar-2025 19:32:17 UTC] MySQL connection error: SQLSTATE[HY000] [2002] No such file or directory
[28-Mar-2025 19:32:17 UTC] Fallback to SQLite connection successful
[28-Mar-2025 19:32:17 UTC] schema_sqlite.php file not found
[28-Mar-2025 19:32:29 UTC] MySQL connection error: SQLSTATE[HY000] [2002] No such file or directory
[28-Mar-2025 19:32:29 UTC] Fallback to SQLite connection successful
[28-Mar-2025 19:32:29 UTC] schema_sqlite.php file not found
[28-Mar-2025 19:32:29 UTC] Config file loaded
[28-Mar-2025 19:32:29 UTC] MySQL connection error: SQLSTATE[HY000] [2002] No such file or directory
[28-Mar-2025 19:32:29 UTC] Fallback to SQLite connection successful
[28-Mar-2025 19:32:29 UTC] schema_sqlite.php file not found
[28-Mar-2025 19:32:47 UTC] MySQL connection error: SQLSTATE[HY000] [2002] No such file or directory
[28-Mar-2025 19:32:47 UTC] Fallback to SQLite connection successful
[28-Mar-2025 19:32:47 UTC] schema_sqlite.php file not found
[28-Mar-2025 19:32:47 UTC] Config file loaded
[28-Mar-2025 19:32:47 UTC] MySQL connection error: SQLSTATE[HY000] [2002] No such file or directory
[28-Mar-2025 19:32:47 UTC] Fallback to SQLite connection successful
[28-Mar-2025 19:32:47 UTC] schema_sqlite.php file not found
[28-Mar-2025 19:33:51 UTC] MySQL connection error: SQLSTATE[HY000] [2002] No such file or directory
[28-Mar-2025 19:33:51 UTC] Fallback to SQLite connection successful
[28-Mar-2025 19:33:51 UTC] schema_sqlite.php file not found
[28-Mar-2025 19:33:51 UTC] Login error: SQLSTATE[HY000]: General error: 1 no such table: users
[28-Mar-2025 19:33:51 UTC] Config file loaded
[28-Mar-2025 19:33:51 UTC] MySQL connection error: SQLSTATE[HY000] [2002] No such file or directory
[28-Mar-2025 19:33:51 UTC] Fallback to SQLite connection successful
[28-Mar-2025 19:33:51 UTC] schema_sqlite.php file not found
[28-Mar-2025 19:37:14 UTC] MySQL connection error: SQLSTATE[HY000] [2002] No such file or directory
[28-Mar-2025 19:37:14 UTC] Fallback to SQLite connection successful
[28-Mar-2025 19:37:14 UTC] schema_sqlite.php file not found
[28-Mar-2025 19:37:14 UTC] Login error: SQLSTATE[HY000]: General error: 1 no such table: users
[28-Mar-2025 19:37:14 UTC] Config file loaded
[28-Mar-2025 19:37:14 UTC] MySQL connection error: SQLSTATE[HY000] [2002] No such file or directory
[28-Mar-2025 19:37:14 UTC] Fallback to SQLite connection successful
[28-Mar-2025 19:37:14 UTC] schema_sqlite.php file not found
[28-Mar-2025 19:37:26 UTC] MySQL connection error: SQLSTATE[HY000] [2002] No such file or directory
[28-Mar-2025 19:37:26 UTC] Fallback to SQLite connection successful
[28-Mar-2025 19:37:26 UTC] schema_sqlite.php file not found
[28-Mar-2025 19:37:26 UTC] Login error: SQLSTATE[HY000]: General error: 1 no such table: users
[28-Mar-2025 19:37:26 UTC] Config file loaded
[28-Mar-2025 19:37:26 UTC] MySQL connection error: SQLSTATE[HY000] [2002] No such file or directory
[28-Mar-2025 19:37:26 UTC] Fallback to SQLite connection successful
[28-Mar-2025 19:37:26 UTC] schema_sqlite.php file not found
[28-Mar-2025 19:38:28 UTC] MySQL connection error: SQLSTATE[HY000] [2002] No such file or directory
[28-Mar-2025 19:38:28 UTC] Fallback to SQLite connection successful
[28-Mar-2025 19:38:28 UTC] schema_sqlite.php file not found
[28-Mar-2025 19:38:28 UTC] Login error: SQLSTATE[HY000]: General error: 1 no such table: users
[28-Mar-2025 19:38:28 UTC] Config file loaded
[28-Mar-2025 19:38:28 UTC] MySQL connection error: SQLSTATE[HY000] [2002] No such file or directory
[28-Mar-2025 19:38:28 UTC] Fallback to SQLite connection successful
[28-Mar-2025 19:38:28 UTC] schema_sqlite.php file not found
[28-Mar-2025 19:38:29 UTC] MySQL connection error: SQLSTATE[HY000] [2002] No such file or directory
[28-Mar-2025 19:38:29 UTC] Fallback to SQLite connection successful
[28-Mar-2025 19:38:29 UTC] schema_sqlite.php file not found
[28-Mar-2025 19:38:29 UTC] Login error: SQLSTATE[HY000]: General error: 1 no such table: users
[28-Mar-2025 19:38:29 UTC] Config file loaded
[28-Mar-2025 19:38:29 UTC] MySQL connection error: SQLSTATE[HY000] [2002] No such file or directory
[28-Mar-2025 19:38:29 UTC] Fallback to SQLite connection successful
[28-Mar-2025 19:38:29 UTC] schema_sqlite.php file not found
[28-Mar-2025 19:38:35 UTC] MySQL connection error: SQLSTATE[HY000] [2002] No such file or directory
[28-Mar-2025 19:38:35 UTC] Fallback to SQLite connection successful
[28-Mar-2025 19:38:35 UTC] schema_sqlite.php file not found
[28-Mar-2025 19:38:35 UTC] Login error: SQLSTATE[HY000]: General error: 1 no such table: users
[28-Mar-2025 19:38:35 UTC] Config file loaded
[28-Mar-2025 19:38:35 UTC] MySQL connection error: SQLSTATE[HY000] [2002] No such file or directory
[28-Mar-2025 19:38:35 UTC] Fallback to SQLite connection successful
[28-Mar-2025 19:38:35 UTC] schema_sqlite.php file not found
[28-Mar-2025 19:39:10 UTC] MySQL connection error: SQLSTATE[HY000] [2002] No such file or directory
[28-Mar-2025 19:39:10 UTC] Fallback to SQLite connection successful
[28-Mar-2025 19:39:10 UTC] schema_sqlite.php file not found
[28-Mar-2025 19:39:10 UTC] Login error: SQLSTATE[HY000]: General error: 1 no such table: users
[28-Mar-2025 19:39:10 UTC] Config file loaded
[28-Mar-2025 19:39:10 UTC] MySQL connection error: SQLSTATE[HY000] [2002] No such file or directory
[28-Mar-2025 19:39:10 UTC] Fallback to SQLite connection successful
[28-Mar-2025 19:39:10 UTC] schema_sqlite.php file not found
[28-Mar-2025 19:39:44 UTC] MySQL connection error: SQLSTATE[HY000] [2002] No such file or directory
[28-Mar-2025 19:39:44 UTC] Fallback to SQLite connection successful
[28-Mar-2025 19:39:44 UTC] schema_sqlite.php file not found
[28-Mar-2025 19:39:44 UTC] Login error: SQLSTATE[HY000]: General error: 1 no such table: users
[28-Mar-2025 19:39:44 UTC] Config file loaded
[28-Mar-2025 19:39:44 UTC] MySQL connection error: SQLSTATE[HY000] [2002] No such file or directory
[28-Mar-2025 19:39:44 UTC] Fallback to SQLite connection successful
[28-Mar-2025 19:39:44 UTC] schema_sqlite.php file not found
[29-Mar-2025 05:33:08 UTC] Config file loaded
[29-Mar-2025 05:33:08 UTC] MySQL connection error: SQLSTATE[HY000] [1045] Access denied for user 'test_admin'@'localhost' (using password: YES)
[29-Mar-2025 05:33:08 UTC] Fallback to SQLite connection successful
[29-Mar-2025 05:33:08 UTC] schema_sqlite.php file not found
[29-Mar-2025 05:33:10 UTC] Config file loaded
[29-Mar-2025 05:33:10 UTC] MySQL connection error: SQLSTATE[HY000] [1045] Access denied for user 'test_admin'@'localhost' (using password: YES)
[29-Mar-2025 05:33:10 UTC] Fallback to SQLite connection successful
[29-Mar-2025 05:33:10 UTC] schema_sqlite.php file not found
[29-Mar-2025 05:33:16 UTC] MySQL connection error: SQLSTATE[HY000] [1045] Access denied for user 'test_admin'@'localhost' (using password: YES)
[29-Mar-2025 05:33:16 UTC] Fallback to SQLite connection successful
[29-Mar-2025 05:33:16 UTC] schema_sqlite.php file not found
[29-Mar-2025 05:33:16 UTC] MySQL connection error: SQLSTATE[HY000] [1045] Access denied for user 'test_admin'@'localhost' (using password: YES)
[29-Mar-2025 05:33:16 UTC] Fallback to SQLite connection successful
[29-Mar-2025 05:33:16 UTC] schema_sqlite.php file not found
[29-Mar-2025 05:33:35 UTC] MySQL connection error: SQLSTATE[HY000] [1045] Access denied for user 'test_admin'@'localhost' (using password: YES)
[29-Mar-2025 05:33:35 UTC] Fallback to SQLite connection successful
[29-Mar-2025 05:33:35 UTC] schema_sqlite.php file not found
[29-Mar-2025 05:33:35 UTC] Login error: SQLSTATE[HY000]: General error: 1 no such table: users
[29-Mar-2025 05:37:22 UTC] MySQL connection error: SQLSTATE[HY000] [1045] Access denied for user 'test_admin'@'localhost' (using password: YES)
[29-Mar-2025 05:37:22 UTC] Fallback to SQLite connection successful
[29-Mar-2025 05:37:22 UTC] schema_sqlite.php file not found
[29-Mar-2025 05:37:22 UTC] PHP Parse error:  Unmatched '}' in /Users/ashwin/CascadeProjects/Working file/Prithivi Project/Working file/includes/functions.php on line 173
[29-Mar-2025 05:39:44 UTC] MySQL connection error: SQLSTATE[HY000] [1045] Access denied for user 'test_admin'@'localhost' (using password: YES)
[29-Mar-2025 05:39:44 UTC] Fallback to SQLite connection successful
[29-Mar-2025 05:39:44 UTC] schema_sqlite.php file not found
[29-Mar-2025 05:39:44 UTC] PHP Parse error:  Unclosed '{' on line 435 in /Users/ashwin/CascadeProjects/Working file/Prithivi Project/Working file/includes/functions.php on line 503
[29-Mar-2025 05:39:46 UTC] MySQL connection error: SQLSTATE[HY000] [1045] Access denied for user 'test_admin'@'localhost' (using password: YES)
[29-Mar-2025 05:39:46 UTC] Fallback to SQLite connection successful
[29-Mar-2025 05:39:46 UTC] schema_sqlite.php file not found
[29-Mar-2025 05:39:46 UTC] PHP Parse error:  Unclosed '{' on line 435 in /Users/ashwin/CascadeProjects/Working file/Prithivi Project/Working file/includes/functions.php on line 503
[29-Mar-2025 05:39:47 UTC] MySQL connection error: SQLSTATE[HY000] [1045] Access denied for user 'test_admin'@'localhost' (using password: YES)
[29-Mar-2025 05:39:47 UTC] Fallback to SQLite connection successful
[29-Mar-2025 05:39:47 UTC] schema_sqlite.php file not found
[29-Mar-2025 05:39:47 UTC] PHP Parse error:  Unclosed '{' on line 435 in /Users/ashwin/CascadeProjects/Working file/Prithivi Project/Working file/includes/functions.php on line 503
[29-Mar-2025 05:39:47 UTC] MySQL connection error: SQLSTATE[HY000] [1045] Access denied for user 'test_admin'@'localhost' (using password: YES)
[29-Mar-2025 05:39:47 UTC] Fallback to SQLite connection successful
[29-Mar-2025 05:39:47 UTC] schema_sqlite.php file not found
[29-Mar-2025 05:39:47 UTC] PHP Parse error:  Unclosed '{' on line 435 in /Users/ashwin/CascadeProjects/Working file/Prithivi Project/Working file/includes/functions.php on line 503
[29-Mar-2025 05:39:47 UTC] MySQL connection error: SQLSTATE[HY000] [1045] Access denied for user 'test_admin'@'localhost' (using password: YES)
[29-Mar-2025 05:39:47 UTC] Fallback to SQLite connection successful
[29-Mar-2025 05:39:47 UTC] schema_sqlite.php file not found
[29-Mar-2025 05:39:47 UTC] PHP Parse error:  Unclosed '{' on line 435 in /Users/ashwin/CascadeProjects/Working file/Prithivi Project/Working file/includes/functions.php on line 503
[29-Mar-2025 05:39:47 UTC] MySQL connection error: SQLSTATE[HY000] [1045] Access denied for user 'test_admin'@'localhost' (using password: YES)
[29-Mar-2025 05:39:47 UTC] Fallback to SQLite connection successful
[29-Mar-2025 05:39:47 UTC] schema_sqlite.php file not found
[29-Mar-2025 05:39:47 UTC] PHP Parse error:  Unclosed '{' on line 435 in /Users/ashwin/CascadeProjects/Working file/Prithivi Project/Working file/includes/functions.php on line 503
[29-Mar-2025 05:40:16 UTC] MySQL connection error: SQLSTATE[HY000] [1045] Access denied for user 'test_admin'@'localhost' (using password: YES)
[29-Mar-2025 05:40:16 UTC] Fallback to SQLite connection successful
[29-Mar-2025 05:40:16 UTC] schema_sqlite.php file not found
[29-Mar-2025 05:40:16 UTC] PHP Parse error:  Unclosed '{' on line 435 in /Users/ashwin/CascadeProjects/Working file/Prithivi Project/Working file/includes/functions.php on line 503
[29-Mar-2025 05:42:02 UTC] Config file loaded
[29-Mar-2025 05:42:02 UTC] MySQL connection error: SQLSTATE[HY000] [1045] Access denied for user 'test_admin'@'localhost' (using password: YES)
[29-Mar-2025 05:42:02 UTC] Fallback to SQLite connection successful
[29-Mar-2025 05:42:02 UTC] schema_sqlite.php file not found
[29-Mar-2025 05:42:02 UTC] [2025-03-29 05:42:02] Exception: Unclosed '{' on line 417 in /Users/ashwin/CascadeProjects/Working file/Prithivi Project/Working file/includes/functions.php on line 504
[29-Mar-2025 05:42:32 UTC] Config file loaded
[29-Mar-2025 05:42:32 UTC] MySQL connection error: SQLSTATE[HY000] [1045] Access denied for user 'test_admin'@'localhost' (using password: YES)
[29-Mar-2025 05:42:32 UTC] Fallback to SQLite connection successful
[29-Mar-2025 05:42:32 UTC] schema_sqlite.php file not found
[29-Mar-2025 05:42:32 UTC] [2025-03-29 05:42:32] Exception: Unclosed '{' on line 417 in /Users/ashwin/CascadeProjects/Working file/Prithivi Project/Working file/includes/functions.php on line 504
[29-Mar-2025 05:42:49 UTC] Config file loaded
[29-Mar-2025 05:42:49 UTC] MySQL connection error: SQLSTATE[HY000] [1045] Access denied for user 'test_admin'@'localhost' (using password: YES)
[29-Mar-2025 05:42:49 UTC] Fallback to SQLite connection successful
[29-Mar-2025 05:42:49 UTC] schema_sqlite.php file not found
[29-Mar-2025 05:42:49 UTC] [2025-03-29 05:42:49] Exception: Unclosed '{' on line 417 in /Users/ashwin/CascadeProjects/Working file/Prithivi Project/Working file/includes/functions.php on line 504
[29-Mar-2025 05:42:49 UTC] Config file loaded
[29-Mar-2025 05:42:49 UTC] MySQL connection error: SQLSTATE[HY000] [1045] Access denied for user 'test_admin'@'localhost' (using password: YES)
[29-Mar-2025 05:42:49 UTC] Fallback to SQLite connection successful
[29-Mar-2025 05:42:49 UTC] schema_sqlite.php file not found
[29-Mar-2025 05:42:49 UTC] [2025-03-29 05:42:49] Exception: Unclosed '{' on line 417 in /Users/ashwin/CascadeProjects/Working file/Prithivi Project/Working file/includes/functions.php on line 504
[29-Mar-2025 05:43:57 UTC] Config file loaded
[29-Mar-2025 05:43:57 UTC] MySQL connection error: SQLSTATE[HY000] [1045] Access denied for user 'test_admin'@'localhost' (using password: YES)
[29-Mar-2025 05:43:57 UTC] Fallback to SQLite connection successful
[29-Mar-2025 05:43:57 UTC] schema_sqlite.php file not found
[29-Mar-2025 05:43:57 UTC] [2025-03-29 05:43:57] Exception: Unmatched '}' in /Users/ashwin/CascadeProjects/Working file/Prithivi Project/Working file/includes/functions.php on line 173
[29-Mar-2025 05:45:54 UTC] Config file loaded
[29-Mar-2025 05:45:54 UTC] MySQL connection error: SQLSTATE[HY000] [1045] Access denied for user 'test_admin'@'localhost' (using password: YES)
[29-Mar-2025 05:45:54 UTC] Fallback to SQLite connection successful
[29-Mar-2025 05:45:54 UTC] schema_sqlite.php file not found
[29-Mar-2025 05:45:54 UTC] [2025-03-29 05:45:54] Exception: Unmatched '}' in /Users/ashwin/CascadeProjects/Working file/Prithivi Project/Working file/includes/functions.php on line 173
[29-Mar-2025 05:45:54 UTC] Config file loaded
[29-Mar-2025 05:45:54 UTC] MySQL connection error: SQLSTATE[HY000] [1045] Access denied for user 'test_admin'@'localhost' (using password: YES)
[29-Mar-2025 05:45:54 UTC] Fallback to SQLite connection successful
[29-Mar-2025 05:45:54 UTC] schema_sqlite.php file not found
[29-Mar-2025 05:45:54 UTC] [2025-03-29 05:45:54] Exception: Unmatched '}' in /Users/ashwin/CascadeProjects/Working file/Prithivi Project/Working file/includes/functions.php on line 173
[29-Mar-2025 05:45:55 UTC] Config file loaded
[29-Mar-2025 05:45:55 UTC] MySQL connection error: SQLSTATE[HY000] [1045] Access denied for user 'test_admin'@'localhost' (using password: YES)
[29-Mar-2025 05:45:55 UTC] Fallback to SQLite connection successful
[29-Mar-2025 05:45:55 UTC] schema_sqlite.php file not found
[29-Mar-2025 05:45:55 UTC] [2025-03-29 05:45:55] Exception: Unmatched '}' in /Users/ashwin/CascadeProjects/Working file/Prithivi Project/Working file/includes/functions.php on line 173
[29-Mar-2025 05:45:55 UTC] Config file loaded
[29-Mar-2025 05:45:55 UTC] MySQL connection error: SQLSTATE[HY000] [1045] Access denied for user 'test_admin'@'localhost' (using password: YES)
[29-Mar-2025 05:45:55 UTC] Fallback to SQLite connection successful
[29-Mar-2025 05:45:55 UTC] schema_sqlite.php file not found
[29-Mar-2025 05:45:55 UTC] [2025-03-29 05:45:55] Exception: Unmatched '}' in /Users/ashwin/CascadeProjects/Working file/Prithivi Project/Working file/includes/functions.php on line 173
[29-Mar-2025 05:46:00 UTC] Config file loaded
[29-Mar-2025 05:46:00 UTC] MySQL connection error: SQLSTATE[HY000] [1045] Access denied for user 'test_admin'@'localhost' (using password: YES)
[29-Mar-2025 05:46:00 UTC] Fallback to SQLite connection successful
[29-Mar-2025 05:46:00 UTC] schema_sqlite.php file not found
[29-Mar-2025 05:46:00 UTC] [2025-03-29 05:46:00] Exception: Unmatched '}' in /Users/ashwin/CascadeProjects/Working file/Prithivi Project/Working file/includes/functions.php on line 173
[29-Mar-2025 05:48:07 UTC] Config file loaded
[29-Mar-2025 05:48:07 UTC] MySQL connection error: SQLSTATE[HY000] [1045] Access denied for user 'test_admin'@'localhost' (using password: YES)
[29-Mar-2025 05:48:07 UTC] Fallback to SQLite connection successful
[29-Mar-2025 05:48:07 UTC] [2025-03-29 05:48:07] Exception: Unmatched '}' in /Users/ashwin/CascadeProjects/Working file/Prithivi Project/Working file/includes/functions.php on line 173
[29-Mar-2025 05:48:07 UTC] Config file loaded
[29-Mar-2025 05:48:07 UTC] MySQL connection error: SQLSTATE[HY000] [1045] Access denied for user 'test_admin'@'localhost' (using password: YES)
[29-Mar-2025 05:48:07 UTC] Fallback to SQLite connection successful
[29-Mar-2025 05:48:07 UTC] [2025-03-29 05:48:07] Exception: Unmatched '}' in /Users/ashwin/CascadeProjects/Working file/Prithivi Project/Working file/includes/functions.php on line 173
[29-Mar-2025 05:48:08 UTC] Config file loaded
[29-Mar-2025 05:48:08 UTC] MySQL connection error: SQLSTATE[HY000] [1045] Access denied for user 'test_admin'@'localhost' (using password: YES)
[29-Mar-2025 05:48:08 UTC] Fallback to SQLite connection successful
[29-Mar-2025 05:48:08 UTC] [2025-03-29 05:48:08] Exception: Unmatched '}' in /Users/ashwin/CascadeProjects/Working file/Prithivi Project/Working file/includes/functions.php on line 173
[29-Mar-2025 05:54:51 UTC] Config file loaded
[29-Mar-2025 05:54:51 UTC] MySQL connection error: SQLSTATE[HY000] [1045] Access denied for user 'test_admin'@'localhost' (using password: YES)
[29-Mar-2025 05:54:51 UTC] Database connection failed completely. SQLSTATE[HY000] [1045] Access denied for user 'test_admin'@'localhost' (using password: YES)
[29-Mar-2025 05:54:51 UTC] [2025-03-29 05:54:51] Exception: Unmatched '}' in /Users/ashwin/CascadeProjects/Working file/Prithivi Project/Working file/includes/functions.php on line 173
[29-Mar-2025 05:54:53 UTC] Config file loaded
[29-Mar-2025 05:54:53 UTC] MySQL connection error: SQLSTATE[HY000] [1045] Access denied for user 'test_admin'@'localhost' (using password: YES)
[29-Mar-2025 05:54:53 UTC] Database connection failed completely. SQLSTATE[HY000] [1045] Access denied for user 'test_admin'@'localhost' (using password: YES)
[29-Mar-2025 05:54:53 UTC] [2025-03-29 05:54:53] Exception: Unmatched '}' in /Users/ashwin/CascadeProjects/Working file/Prithivi Project/Working file/includes/functions.php on line 173
[29-Mar-2025 05:55:00 UTC] Config file loaded
[29-Mar-2025 05:55:00 UTC] MySQL connection error: SQLSTATE[HY000] [1045] Access denied for user 'test_admin'@'localhost' (using password: YES)
[29-Mar-2025 05:55:00 UTC] Database connection failed completely. SQLSTATE[HY000] [1045] Access denied for user 'test_admin'@'localhost' (using password: YES)
[29-Mar-2025 05:55:00 UTC] [2025-03-29 05:55:00] Exception: Unmatched '}' in /Users/ashwin/CascadeProjects/Working file/Prithivi Project/Working file/includes/functions.php on line 173
[29-Mar-2025 06:08:37 UTC] Config file loaded
[29-Mar-2025 06:08:37 UTC] MySQL connection error: SQLSTATE[HY000] [1045] Access denied for user 'test_admin'@'localhost' (using password: YES)
[29-Mar-2025 06:08:37 UTC] Database connection failed completely. SQLSTATE[HY000] [1045] Access denied for user 'test_admin'@'localhost' (using password: YES)
[29-Mar-2025 06:08:37 UTC] [2025-03-29 06:08:37] Exception: Unmatched '}' in /Users/ashwin/CascadeProjects/Working file/Prithivi Project/Working file/includes/functions.php on line 173
[29-Mar-2025 06:08:37 UTC] Config file loaded
[29-Mar-2025 06:08:37 UTC] MySQL connection error: SQLSTATE[HY000] [1045] Access denied for user 'test_admin'@'localhost' (using password: YES)
[29-Mar-2025 06:08:37 UTC] Database connection failed completely. SQLSTATE[HY000] [1045] Access denied for user 'test_admin'@'localhost' (using password: YES)
[29-Mar-2025 06:08:37 UTC] [2025-03-29 06:08:37] Exception: Unmatched '}' in /Users/ashwin/CascadeProjects/Working file/Prithivi Project/Working file/includes/functions.php on line 173
[29-Mar-2025 17:50:22 UTC] Config file loaded
[29-Mar-2025 17:50:22 UTC] MySQL connection error: SQLSTATE[HY000] [1045] Access denied for user 'test_admin'@'localhost' (using password: YES)
[29-Mar-2025 17:50:22 UTC] Database connection failed completely. SQLSTATE[HY000] [1045] Access denied for user 'test_admin'@'localhost' (using password: YES)
[29-Mar-2025 17:50:22 UTC] [2025-03-29 17:50:22] Exception: Unmatched '}' in /Users/ashwin/CascadeProjects/Working file/Prithivi Project/Working file/includes/functions.php on line 173
[29-Mar-2025 17:50:22 UTC] Config file loaded
[29-Mar-2025 17:50:22 UTC] MySQL connection error: SQLSTATE[HY000] [1045] Access denied for user 'test_admin'@'localhost' (using password: YES)
[29-Mar-2025 17:50:22 UTC] Database connection failed completely. SQLSTATE[HY000] [1045] Access denied for user 'test_admin'@'localhost' (using password: YES)
[29-Mar-2025 17:50:22 UTC] [2025-03-29 17:50:22] Exception: Unmatched '}' in /Users/ashwin/CascadeProjects/Working file/Prithivi Project/Working file/includes/functions.php on line 173
[29-Mar-2025 17:50:26 UTC] Config file loaded
[29-Mar-2025 17:50:26 UTC] MySQL connection error: SQLSTATE[HY000] [1045] Access denied for user 'test_admin'@'localhost' (using password: YES)
[29-Mar-2025 17:50:26 UTC] Database connection failed completely. SQLSTATE[HY000] [1045] Access denied for user 'test_admin'@'localhost' (using password: YES)
[29-Mar-2025 17:50:26 UTC] [2025-03-29 17:50:26] Exception: Unmatched '}' in /Users/ashwin/CascadeProjects/Working file/Prithivi Project/Working file/includes/functions.php on line 173
[29-Mar-2025 17:50:26 UTC] Config file loaded
[29-Mar-2025 17:50:26 UTC] MySQL connection error: SQLSTATE[HY000] [1045] Access denied for user 'test_admin'@'localhost' (using password: YES)
[29-Mar-2025 17:50:26 UTC] Database connection failed completely. SQLSTATE[HY000] [1045] Access denied for user 'test_admin'@'localhost' (using password: YES)
[29-Mar-2025 17:50:26 UTC] [2025-03-29 17:50:26] Exception: Unmatched '}' in /Users/ashwin/CascadeProjects/Working file/Prithivi Project/Working file/includes/functions.php on line 173
[29-Mar-2025 17:50:26 UTC] Config file loaded
[29-Mar-2025 17:50:26 UTC] MySQL connection error: SQLSTATE[HY000] [1045] Access denied for user 'test_admin'@'localhost' (using password: YES)
[29-Mar-2025 17:50:26 UTC] Database connection failed completely. SQLSTATE[HY000] [1045] Access denied for user 'test_admin'@'localhost' (using password: YES)
[29-Mar-2025 17:50:26 UTC] [2025-03-29 17:50:26] Exception: Unmatched '}' in /Users/ashwin/CascadeProjects/Working file/Prithivi Project/Working file/includes/functions.php on line 173
[29-Mar-2025 17:50:26 UTC] Config file loaded
[29-Mar-2025 17:50:26 UTC] MySQL connection error: SQLSTATE[HY000] [1045] Access denied for user 'test_admin'@'localhost' (using password: YES)
[29-Mar-2025 17:50:26 UTC] Database connection failed completely. SQLSTATE[HY000] [1045] Access denied for user 'test_admin'@'localhost' (using password: YES)
[29-Mar-2025 17:50:26 UTC] [2025-03-29 17:50:26] Exception: Unmatched '}' in /Users/ashwin/CascadeProjects/Working file/Prithivi Project/Working file/includes/functions.php on line 173
[29-Mar-2025 17:50:30 UTC] Config file loaded
[29-Mar-2025 17:50:30 UTC] MySQL connection error: SQLSTATE[HY000] [1045] Access denied for user 'test_admin'@'localhost' (using password: YES)
[29-Mar-2025 17:50:30 UTC] Database connection failed completely. SQLSTATE[HY000] [1045] Access denied for user 'test_admin'@'localhost' (using password: YES)
[29-Mar-2025 17:50:30 UTC] [2025-03-29 17:50:30] Exception: Unmatched '}' in /Users/ashwin/CascadeProjects/Working file/Prithivi Project/Working file/includes/functions.php on line 173
[29-Mar-2025 17:50:30 UTC] Config file loaded
[29-Mar-2025 17:50:30 UTC] MySQL connection error: SQLSTATE[HY000] [1045] Access denied for user 'test_admin'@'localhost' (using password: YES)
[29-Mar-2025 17:50:30 UTC] Database connection failed completely. SQLSTATE[HY000] [1045] Access denied for user 'test_admin'@'localhost' (using password: YES)
[29-Mar-2025 17:50:30 UTC] [2025-03-29 17:50:30] Exception: Unmatched '}' in /Users/ashwin/CascadeProjects/Working file/Prithivi Project/Working file/includes/functions.php on line 173
[30-Mar-2025 12:37:06 UTC] Config file loaded
[30-Mar-2025 12:37:06 UTC] MySQL connection error: SQLSTATE[HY000] [1045] Access denied for user 'test_admin'@'localhost' (using password: YES)
[30-Mar-2025 12:37:06 UTC] Database connection failed completely. SQLSTATE[HY000] [1045] Access denied for user 'test_admin'@'localhost' (using password: YES)
[30-Mar-2025 12:37:06 UTC] [2025-03-30 12:37:06] Exception: Call to a member function prepare() on null in /Users/ashwin/CascadeProjects/Working file/Prithivi Project/Working file/index.php on line 12
[30-Mar-2025 12:37:21 UTC] Config file loaded
[30-Mar-2025 12:37:21 UTC] MySQL connection error: SQLSTATE[HY000] [1045] Access denied for user 'test_admin'@'localhost' (using password: YES)
[30-Mar-2025 12:37:21 UTC] Database connection failed completely. SQLSTATE[HY000] [1045] Access denied for user 'test_admin'@'localhost' (using password: YES)
[30-Mar-2025 12:37:21 UTC] [2025-03-30 12:37:21] Exception: Call to a member function prepare() on null in /Users/ashwin/CascadeProjects/Working file/Prithivi Project/Working file/index.php on line 12
[30-Mar-2025 12:37:31 UTC] Config file loaded
[30-Mar-2025 12:37:31 UTC] MySQL connection error: SQLSTATE[HY000] [1045] Access denied for user 'test_admin'@'localhost' (using password: YES)
[30-Mar-2025 12:37:31 UTC] Database connection failed completely. SQLSTATE[HY000] [1045] Access denied for user 'test_admin'@'localhost' (using password: YES)
[30-Mar-2025 12:37:31 UTC] [2025-03-30 12:37:31] Exception: Call to a member function prepare() on null in /Users/ashwin/CascadeProjects/Working file/Prithivi Project/Working file/index.php on line 12
[30-Mar-2025 12:37:34 UTC] Config file loaded
[30-Mar-2025 12:37:34 UTC] MySQL connection error: SQLSTATE[HY000] [1045] Access denied for user 'test_admin'@'localhost' (using password: YES)
[30-Mar-2025 12:37:34 UTC] Database connection failed completely. SQLSTATE[HY000] [1045] Access denied for user 'test_admin'@'localhost' (using password: YES)
[30-Mar-2025 12:39:08 UTC] Config file loaded
[30-Mar-2025 12:39:08 UTC] MySQL connection error: SQLSTATE[HY000] [1045] Access denied for user 'test_admin'@'localhost' (using password: YES)
[30-Mar-2025 12:39:08 UTC] Database connection failed completely. SQLSTATE[HY000] [1045] Access denied for user 'test_admin'@'localhost' (using password: YES)
[30-Mar-2025 12:39:08 UTC] [2025-03-30 12:39:08] Exception: Call to a member function prepare() on null in /Users/ashwin/CascadeProjects/Working file/Prithivi Project/Working file/index.php on line 12
[30-Mar-2025 13:39:41 UTC] Config file loaded
[30-Mar-2025 13:39:41 UTC] MySQL connection error: SQLSTATE[HY000] [1045] Access denied for user 'test_admin'@'localhost' (using password: YES)
[30-Mar-2025 13:39:41 UTC] Database connection failed completely. SQLSTATE[HY000] [1045] Access denied for user 'test_admin'@'localhost' (using password: YES)
[30-Mar-2025 13:39:41 UTC] [2025-03-30 13:39:41] Exception: Call to a member function prepare() on null in /Users/ashwin/CascadeProjects/Working file/Prithivi Project/Working file/index.php on line 12
[30-Mar-2025 13:39:51 UTC] Config file loaded
[30-Mar-2025 13:39:51 UTC] MySQL connection error: SQLSTATE[HY000] [1045] Access denied for user 'test_admin'@'localhost' (using password: YES)
[30-Mar-2025 13:39:51 UTC] Database connection failed completely. SQLSTATE[HY000] [1045] Access denied for user 'test_admin'@'localhost' (using password: YES)
[30-Mar-2025 13:39:51 UTC] [2025-03-30 13:39:51] Exception: Call to a member function prepare() on null in /Users/ashwin/CascadeProjects/Working file/Prithivi Project/Working file/index.php on line 12
[30-Mar-2025 13:39:52 UTC] Config file loaded
[30-Mar-2025 13:39:52 UTC] MySQL connection error: SQLSTATE[HY000] [1045] Access denied for user 'test_admin'@'localhost' (using password: YES)
[30-Mar-2025 13:39:52 UTC] Database connection failed completely. SQLSTATE[HY000] [1045] Access denied for user 'test_admin'@'localhost' (using password: YES)
[30-Mar-2025 13:39:52 UTC] [2025-03-30 13:39:52] Exception: Call to a member function prepare() on null in /Users/ashwin/CascadeProjects/Working file/Prithivi Project/Working file/index.php on line 12
[30-Mar-2025 13:39:53 UTC] Config file loaded
[30-Mar-2025 13:39:53 UTC] MySQL connection error: SQLSTATE[HY000] [1045] Access denied for user 'test_admin'@'localhost' (using password: YES)
[30-Mar-2025 13:39:53 UTC] Database connection failed completely. SQLSTATE[HY000] [1045] Access denied for user 'test_admin'@'localhost' (using password: YES)
[30-Mar-2025 13:39:54 UTC] Config file loaded
[30-Mar-2025 13:39:54 UTC] MySQL connection error: SQLSTATE[HY000] [1045] Access denied for user 'test_admin'@'localhost' (using password: YES)
[30-Mar-2025 13:39:54 UTC] Database connection failed completely. SQLSTATE[HY000] [1045] Access denied for user 'test_admin'@'localhost' (using password: YES)
[30-Mar-2025 13:39:55 UTC] Config file loaded
[30-Mar-2025 13:39:55 UTC] MySQL connection error: SQLSTATE[HY000] [1045] Access denied for user 'test_admin'@'localhost' (using password: YES)
[30-Mar-2025 13:39:55 UTC] Database connection failed completely. SQLSTATE[HY000] [1045] Access denied for user 'test_admin'@'localhost' (using password: YES)
[30-Mar-2025 13:39:55 UTC] [2025-03-30 13:39:55] Exception: Call to a member function prepare() on null in /Users/ashwin/CascadeProjects/Working file/Prithivi Project/Working file/index.php on line 12
[30-Mar-2025 13:40:01 UTC] Config file loaded
[30-Mar-2025 13:40:01 UTC] MySQL connection error: SQLSTATE[HY000] [1045] Access denied for user 'test_admin'@'localhost' (using password: YES)
[30-Mar-2025 13:40:01 UTC] Database connection failed completely. SQLSTATE[HY000] [1045] Access denied for user 'test_admin'@'localhost' (using password: YES)
[30-Mar-2025 13:40:01 UTC] [2025-03-30 13:40:01] Exception: Call to a member function prepare() on null in /Users/ashwin/CascadeProjects/Working file/Prithivi Project/Working file/index.php on line 12
[30-Mar-2025 13:40:15 UTC] Config file loaded
[30-Mar-2025 13:40:15 UTC] MySQL connection error: SQLSTATE[HY000] [1045] Access denied for user 'test_admin'@'localhost' (using password: YES)
[30-Mar-2025 13:40:15 UTC] Database connection failed completely. SQLSTATE[HY000] [1045] Access denied for user 'test_admin'@'localhost' (using password: YES)
[30-Mar-2025 13:40:15 UTC] [2025-03-30 13:40:15] Exception: Call to a member function prepare() on null in /Users/ashwin/CascadeProjects/Working file/Prithivi Project/Working file/index.php on line 12
[30-Mar-2025 13:40:44 UTC] Config file loaded
[30-Mar-2025 13:40:44 UTC] MySQL connection error: SQLSTATE[HY000] [1045] Access denied for user 'test_admin'@'localhost' (using password: YES)
[30-Mar-2025 13:40:44 UTC] Database connection failed completely. SQLSTATE[HY000] [1045] Access denied for user 'test_admin'@'localhost' (using password: YES)
[30-Mar-2025 13:40:45 UTC] Config file loaded
[30-Mar-2025 13:40:45 UTC] MySQL connection error: SQLSTATE[HY000] [1045] Access denied for user 'test_admin'@'localhost' (using password: YES)
[30-Mar-2025 13:40:45 UTC] Database connection failed completely. SQLSTATE[HY000] [1045] Access denied for user 'test_admin'@'localhost' (using password: YES)
[30-Mar-2025 13:40:49 UTC] Config file loaded
[30-Mar-2025 13:40:49 UTC] MySQL connection error: SQLSTATE[HY000] [1045] Access denied for user 'test_admin'@'localhost' (using password: YES)
[30-Mar-2025 13:40:49 UTC] Database connection failed completely. SQLSTATE[HY000] [1045] Access denied for user 'test_admin'@'localhost' (using password: YES)
[30-Mar-2025 13:40:49 UTC] [2025-03-30 13:40:49] Exception: Call to a member function prepare() on null in /Users/ashwin/CascadeProjects/Working file/Prithivi Project/Working file/index.php on line 12
[30-Mar-2025 14:08:43 UTC] Config file loaded
[30-Mar-2025 14:08:43 UTC] MySQL connection error: SQLSTATE[HY000] [1045] Access denied for user 'test_admin'@'localhost' (using password: YES)
[30-Mar-2025 14:08:43 UTC] Database connection failed completely. SQLSTATE[HY000] [1045] Access denied for user 'test_admin'@'localhost' (using password: YES)
[30-Mar-2025 14:08:43 UTC] [2025-03-30 14:08:43] Exception: Call to a member function prepare() on null in /Users/ashwin/CascadeProjects/Working file/Prithivi Project/Working file/index.php on line 12
[30-Mar-2025 14:08:44 UTC] Config file loaded
[30-Mar-2025 14:08:44 UTC] MySQL connection error: SQLSTATE[HY000] [1045] Access denied for user 'test_admin'@'localhost' (using password: YES)
[30-Mar-2025 14:08:44 UTC] Database connection failed completely. SQLSTATE[HY000] [1045] Access denied for user 'test_admin'@'localhost' (using password: YES)
[30-Mar-2025 14:08:44 UTC] [2025-03-30 14:08:44] Exception: Call to a member function prepare() on null in /Users/ashwin/CascadeProjects/Working file/Prithivi Project/Working file/index.php on line 12
[30-Mar-2025 14:08:44 UTC] Config file loaded
[30-Mar-2025 14:08:44 UTC] MySQL connection error: SQLSTATE[HY000] [1045] Access denied for user 'test_admin'@'localhost' (using password: YES)
[30-Mar-2025 14:08:44 UTC] Database connection failed completely. SQLSTATE[HY000] [1045] Access denied for user 'test_admin'@'localhost' (using password: YES)
[30-Mar-2025 14:08:44 UTC] [2025-03-30 14:08:44] Exception: Call to a member function prepare() on null in /Users/ashwin/CascadeProjects/Working file/Prithivi Project/Working file/index.php on line 12
[30-Mar-2025 14:08:44 UTC] Config file loaded
[30-Mar-2025 14:08:44 UTC] MySQL connection error: SQLSTATE[HY000] [1045] Access denied for user 'test_admin'@'localhost' (using password: YES)
[30-Mar-2025 14:08:44 UTC] Database connection failed completely. SQLSTATE[HY000] [1045] Access denied for user 'test_admin'@'localhost' (using password: YES)
[30-Mar-2025 14:08:44 UTC] [2025-03-30 14:08:44] Exception: Call to a member function prepare() on null in /Users/ashwin/CascadeProjects/Working file/Prithivi Project/Working file/index.php on line 12
[30-Mar-2025 14:08:45 UTC] Config file loaded
[30-Mar-2025 14:08:45 UTC] MySQL connection error: SQLSTATE[HY000] [1045] Access denied for user 'test_admin'@'localhost' (using password: YES)
[30-Mar-2025 14:08:45 UTC] Database connection failed completely. SQLSTATE[HY000] [1045] Access denied for user 'test_admin'@'localhost' (using password: YES)
[30-Mar-2025 14:08:45 UTC] [2025-03-30 14:08:45] Exception: Call to a member function prepare() on null in /Users/ashwin/CascadeProjects/Working file/Prithivi Project/Working file/index.php on line 12
[30-Mar-2025 14:15:46 UTC] Config file loaded
[30-Mar-2025 14:15:46 UTC] MySQL connection error: SQLSTATE[HY000] [1045] Access denied for user 'test_admin'@'localhost' (using password: YES)
[30-Mar-2025 14:15:46 UTC] Database connection failed completely. SQLSTATE[HY000] [1045] Access denied for user 'test_admin'@'localhost' (using password: YES)
[30-Mar-2025 14:15:46 UTC] [2025-03-30 14:15:46] Exception: Call to a member function prepare() on null in /Users/ashwin/CascadeProjects/Working file/Prithivi Project/Working file/index.php on line 12
[30-Mar-2025 14:15:49 UTC] Config file loaded
[30-Mar-2025 14:15:49 UTC] MySQL connection error: SQLSTATE[HY000] [1045] Access denied for user 'test_admin'@'localhost' (using password: YES)
[30-Mar-2025 14:15:49 UTC] Database connection failed completely. SQLSTATE[HY000] [1045] Access denied for user 'test_admin'@'localhost' (using password: YES)
[30-Mar-2025 14:15:49 UTC] [2025-03-30 14:15:49] Exception: Call to a member function prepare() on null in /Users/ashwin/CascadeProjects/Working file/Prithivi Project/Working file/index.php on line 12
[30-Mar-2025 14:15:59 UTC] Config file loaded
[30-Mar-2025 14:15:59 UTC] MySQL connection error: SQLSTATE[HY000] [1045] Access denied for user 'test_admin'@'localhost' (using password: YES)
[30-Mar-2025 14:15:59 UTC] Database connection failed completely. SQLSTATE[HY000] [1045] Access denied for user 'test_admin'@'localhost' (using password: YES)
[30-Mar-2025 14:15:59 UTC] [2025-03-30 14:15:59] Exception: Call to a member function prepare() on null in /Users/ashwin/CascadeProjects/Working file/Prithivi Project/Working file/index.php on line 12
[30-Mar-2025 14:16:03 UTC] Config file loaded
[30-Mar-2025 14:16:03 UTC] MySQL connection error: SQLSTATE[HY000] [1045] Access denied for user 'test_admin'@'localhost' (using password: YES)
[30-Mar-2025 14:16:03 UTC] Database connection failed completely. SQLSTATE[HY000] [1045] Access denied for user 'test_admin'@'localhost' (using password: YES)
[30-Mar-2025 14:16:03 UTC] [2025-03-30 14:16:03] Exception: Call to a member function prepare() on null in /Users/ashwin/CascadeProjects/Working file/Prithivi Project/Working file/index.php on line 12
[30-Mar-2025 14:16:05 UTC] Config file loaded
[30-Mar-2025 14:16:05 UTC] MySQL connection error: SQLSTATE[HY000] [1045] Access denied for user 'test_admin'@'localhost' (using password: YES)
[30-Mar-2025 14:16:05 UTC] Database connection failed completely. SQLSTATE[HY000] [1045] Access denied for user 'test_admin'@'localhost' (using password: YES)
[30-Mar-2025 14:16:06 UTC] Config file loaded
[30-Mar-2025 14:16:06 UTC] MySQL connection error: SQLSTATE[HY000] [1045] Access denied for user 'test_admin'@'localhost' (using password: YES)
[30-Mar-2025 14:16:06 UTC] Database connection failed completely. SQLSTATE[HY000] [1045] Access denied for user 'test_admin'@'localhost' (using password: YES)
[30-Mar-2025 14:16:07 UTC] Config file loaded
[30-Mar-2025 14:16:07 UTC] MySQL connection error: SQLSTATE[HY000] [1045] Access denied for user 'test_admin'@'localhost' (using password: YES)
[30-Mar-2025 14:16:07 UTC] Database connection failed completely. SQLSTATE[HY000] [1045] Access denied for user 'test_admin'@'localhost' (using password: YES)
[30-Mar-2025 14:16:07 UTC] [2025-03-30 14:16:07] Exception: Call to a member function prepare() on null in /Users/ashwin/CascadeProjects/Working file/Prithivi Project/Working file/index.php on line 12
[30-Mar-2025 14:16:14 UTC] Config file loaded
[30-Mar-2025 14:16:14 UTC] MySQL connection error: SQLSTATE[HY000] [1045] Access denied for user 'test_admin'@'localhost' (using password: YES)
[30-Mar-2025 14:16:14 UTC] Database connection failed completely. SQLSTATE[HY000] [1045] Access denied for user 'test_admin'@'localhost' (using password: YES)
[30-Mar-2025 14:16:14 UTC] [2025-03-30 14:16:14] Exception: Call to a member function prepare() on null in /Users/ashwin/CascadeProjects/Working file/Prithivi Project/Working file/index.php on line 12
[30-Mar-2025 14:16:19 UTC] Config file loaded
[30-Mar-2025 14:16:19 UTC] MySQL connection error: SQLSTATE[HY000] [1045] Access denied for user 'test_admin'@'localhost' (using password: YES)
[30-Mar-2025 14:16:19 UTC] Database connection failed completely. SQLSTATE[HY000] [1045] Access denied for user 'test_admin'@'localhost' (using password: YES)
[30-Mar-2025 14:16:19 UTC] [2025-03-30 14:16:19] Exception: Call to a member function prepare() on null in /Users/ashwin/CascadeProjects/Working file/Prithivi Project/Working file/index.php on line 12
[30-Mar-2025 14:16:21 UTC] Config file loaded
[30-Mar-2025 14:16:21 UTC] MySQL connection error: SQLSTATE[HY000] [1045] Access denied for user 'test_admin'@'localhost' (using password: YES)
[30-Mar-2025 14:16:21 UTC] Database connection failed completely. SQLSTATE[HY000] [1045] Access denied for user 'test_admin'@'localhost' (using password: YES)
[30-Mar-2025 14:16:21 UTC] [2025-03-30 14:16:21] Exception: Call to a member function prepare() on null in /Users/ashwin/CascadeProjects/Working file/Prithivi Project/Working file/index.php on line 12
[30-Mar-2025 14:18:50 UTC] Config file loaded
[30-Mar-2025 14:18:50 UTC] MySQL connection error: SQLSTATE[HY000] [1045] Access denied for user 'test_admin'@'localhost' (using password: YES)
[30-Mar-2025 14:18:50 UTC] Database connection failed completely. SQLSTATE[HY000] [1045] Access denied for user 'test_admin'@'localhost' (using password: YES)
[30-Mar-2025 14:18:50 UTC] [2025-03-30 14:18:50] Exception: Call to a member function prepare() on null in /Users/ashwin/CascadeProjects/Working file/Prithivi Project/Working file/index.php on line 12
[30-Mar-2025 14:21:25 UTC] Config file loaded
[30-Mar-2025 14:21:25 UTC] MySQL connection error: SQLSTATE[HY000] [1045] Access denied for user 'test_admin'@'localhost' (using password: YES)
[30-Mar-2025 14:21:25 UTC] Database connection failed completely. SQLSTATE[HY000] [1045] Access denied for user 'test_admin'@'localhost' (using password: YES)
[30-Mar-2025 14:21:25 UTC] [2025-03-30 14:21:25] Exception: Call to a member function prepare() on null in /Users/ashwin/CascadeProjects/Working file/Prithivi Project/Working file/index.php on line 12
[30-Mar-2025 14:24:43 UTC] Config file loaded
[30-Mar-2025 14:24:43 UTC] MySQL connection error: SQLSTATE[HY000] [1045] Access denied for user 'test_admin'@'localhost' (using password: YES)
[30-Mar-2025 14:24:43 UTC] Database connection failed completely. SQLSTATE[HY000] [1045] Access denied for user 'test_admin'@'localhost' (using password: YES)
[30-Mar-2025 14:24:43 UTC] [2025-03-30 14:24:43] Exception: Call to a member function prepare() on null in /Users/ashwin/CascadeProjects/Working file/Prithivi Project/Working file/index.php on line 12
[30-Mar-2025 14:24:48 UTC] Config file loaded
[30-Mar-2025 14:24:48 UTC] MySQL connection error: SQLSTATE[HY000] [1045] Access denied for user 'test_admin'@'localhost' (using password: YES)
[30-Mar-2025 14:24:48 UTC] Database connection failed completely. SQLSTATE[HY000] [1045] Access denied for user 'test_admin'@'localhost' (using password: YES)
[30-Mar-2025 14:24:48 UTC] [2025-03-30 14:24:48] Exception: Call to a member function prepare() on null in /Users/ashwin/CascadeProjects/Working file/Prithivi Project/Working file/index.php on line 12
[19-Nov-2025 10:37:33 UTC] Config file loaded
[19-Nov-2025 10:37:33 UTC] MySQL connection error: SQLSTATE[HY000] [1045] Access denied for user 'test_admin'@'localhost' (using password: YES)
[19-Nov-2025 10:37:33 UTC] Database connection failed completely. SQLSTATE[HY000] [1045] Access denied for user 'test_admin'@'localhost' (using password: YES)
[19-Nov-2025 10:37:33 UTC] [2025-11-19 10:37:33] Exception: Call to a member function prepare() on null in /Users/ashwin/CascadeProjects/Working file/Prithivi Project/Working file/index.php on line 12
[19-Nov-2025 10:37:41 UTC] Config file loaded
[19-Nov-2025 10:37:41 UTC] MySQL connection error: SQLSTATE[HY000] [1045] Access denied for user 'test_admin'@'localhost' (using password: YES)
[19-Nov-2025 10:37:41 UTC] Database connection failed completely. SQLSTATE[HY000] [1045] Access denied for user 'test_admin'@'localhost' (using password: YES)
[19-Nov-2025 10:37:41 UTC] [2025-11-19 10:37:41] Exception: Call to a member function prepare() on null in /Users/ashwin/CascadeProjects/Working file/Prithivi Project/Working file/index.php on line 12
[19-Nov-2025 10:37:42 UTC] Config file loaded
[19-Nov-2025 10:37:42 UTC] MySQL connection error: SQLSTATE[HY000] [1045] Access denied for user 'test_admin'@'localhost' (using password: YES)
[19-Nov-2025 10:37:42 UTC] Database connection failed completely. SQLSTATE[HY000] [1045] Access denied for user 'test_admin'@'localhost' (using password: YES)
[19-Nov-2025 10:37:43 UTC] Config file loaded
[19-Nov-2025 10:37:43 UTC] MySQL connection error: SQLSTATE[HY000] [1045] Access denied for user 'test_admin'@'localhost' (using password: YES)
[19-Nov-2025 10:37:43 UTC] Database connection failed completely. SQLSTATE[HY000] [1045] Access denied for user 'test_admin'@'localhost' (using password: YES)
[19-Nov-2025 10:37:45 UTC] Config file loaded
[19-Nov-2025 10:37:45 UTC] MySQL connection error: SQLSTATE[HY000] [1045] Access denied for user 'test_admin'@'localhost' (using password: YES)
[19-Nov-2025 10:37:45 UTC] Database connection failed completely. SQLSTATE[HY000] [1045] Access denied for user 'test_admin'@'localhost' (using password: YES)
[19-Nov-2025 10:37:45 UTC] Config file loaded
[19-Nov-2025 10:37:45 UTC] MySQL connection error: SQLSTATE[HY000] [1045] Access denied for user 'test_admin'@'localhost' (using password: YES)
[19-Nov-2025 10:37:45 UTC] Database connection failed completely. SQLSTATE[HY000] [1045] Access denied for user 'test_admin'@'localhost' (using password: YES)
[19-Nov-2025 10:37:45 UTC] [2025-11-19 10:37:45] Exception: Call to a member function prepare() on null in /Users/ashwin/CascadeProjects/Working file/Prithivi Project/Working file/index.php on line 12
[19-Nov-2025 10:37:46 UTC] Config file loaded
[19-Nov-2025 10:37:46 UTC] MySQL connection error: SQLSTATE[HY000] [1045] Access denied for user 'test_admin'@'localhost' (using password: YES)
[19-Nov-2025 10:37:46 UTC] Database connection failed completely. SQLSTATE[HY000] [1045] Access denied for user 'test_admin'@'localhost' (using password: YES)
[19-Nov-2025 10:37:46 UTC] [2025-11-19 10:37:46] Exception: Call to a member function prepare() on null in /Users/ashwin/CascadeProjects/Working file/Prithivi Project/Working file/index.php on line 12
